{"D:\\CallerFlash\\src\\App.tsx": {"path":"D:\\CallerFlash\\src\\App.tsx","statementMap":{"0":{"start":{"line":17,"column":36},"end":{"line":17,"column":null}},"1":{"start":{"line":20,"column":28},"end":{"line":20,"column":null}},"2":{"start":{"line":20,"column":44},"end":{"line":20,"column":101}},"3":{"start":{"line":22,"column":2},"end":{"line":26,"column":null}},"4":{"start":{"line":23,"column":10},"end":{"line":23,"column":null}},"5":{"start":{"line":23,"column":31},"end":{"line":23,"column":null}},"6":{"start":{"line":24,"column":4},"end":{"line":24,"column":null}},"7":{"start":{"line":25,"column":4},"end":{"line":25,"column":null}},"8":{"start":{"line":25,"column":17},"end":{"line":25,"column":null}},"9":{"start":{"line":28,"column":2},"end":{"line":28,"column":null}},"10":{"start":{"line":32,"column":20},"end":{"line":32,"column":null}},"11":{"start":{"line":32,"column":39},"end":{"line":32,"column":50}},"12":{"start":{"line":34,"column":18},"end":{"line":43,"column":null}},"13":{"start":{"line":45,"column":2},"end":{"line":50,"column":null}},"14":{"start":{"line":58,"column":4},"end":{"line":68,"column":null}},"15":{"start":{"line":59,"column":25},"end":{"line":67,"column":8}},"16":{"start":{"line":69,"column":16},"end":{"line":69,"column":null}},"17":{"start":{"line":70,"column":27},"end":{"line":70,"column":null}},"18":{"start":{"line":72,"column":2},"end":{"line":77,"column":null}},"19":{"start":{"line":73,"column":4},"end":{"line":76,"column":null}},"20":{"start":{"line":74,"column":6},"end":{"line":74,"column":null}},"21":{"start":{"line":75,"column":6},"end":{"line":75,"column":null}},"22":{"start":{"line":81,"column":2},"end":{"line":95,"column":null}},"23":{"start":{"line":82,"column":10},"end":{"line":92,"column":null}},"24":{"start":{"line":83,"column":21},"end":{"line":83,"column":null}},"25":{"start":{"line":84,"column":6},"end":{"line":90,"column":null}},"26":{"start":{"line":89,"column":8},"end":{"line":89,"column":null}},"27":{"start":{"line":91,"column":6},"end":{"line":91,"column":null}},"28":{"start":{"line":93,"column":4},"end":{"line":93,"column":null}},"29":{"start":{"line":94,"column":4},"end":{"line":94,"column":null}},"30":{"start":{"line":94,"column":17},"end":{"line":94,"column":null}},"31":{"start":{"line":98,"column":2},"end":{"line":113,"column":null}},"32":{"start":{"line":99,"column":4},"end":{"line":112,"column":null}},"33":{"start":{"line":100,"column":57},"end":{"line":100,"column":null}},"34":{"start":{"line":101,"column":6},"end":{"line":111,"column":null}},"35":{"start":{"line":102,"column":8},"end":{"line":110,"column":null}},"36":{"start":{"line":103,"column":10},"end":{"line":107,"column":null}},"37":{"start":{"line":104,"column":12},"end":{"line":106,"column":null}},"38":{"start":{"line":116,"column":34},"end":{"line":128,"column":null}},"39":{"start":{"line":118,"column":4},"end":{"line":118,"column":null}},"40":{"start":{"line":118,"column":39},"end":{"line":118,"column":null}},"41":{"start":{"line":119,"column":4},"end":{"line":127,"column":null}},"42":{"start":{"line":120,"column":18},"end":{"line":120,"column":null}},"43":{"start":{"line":121,"column":6},"end":{"line":121,"column":null}},"44":{"start":{"line":121,"column":16},"end":{"line":121,"column":null}},"45":{"start":{"line":122,"column":23},"end":{"line":122,"column":null}},"46":{"start":{"line":123,"column":6},"end":{"line":123,"column":null}},"47":{"start":{"line":125,"column":6},"end":{"line":125,"column":null}},"48":{"start":{"line":126,"column":6},"end":{"line":126,"column":null}},"49":{"start":{"line":130,"column":2},"end":{"line":140,"column":null}},"50":{"start":{"line":131,"column":4},"end":{"line":131,"column":null}},"51":{"start":{"line":131,"column":65},"end":{"line":131,"column":null}},"52":{"start":{"line":132,"column":4},"end":{"line":139,"column":null}},"53":{"start":{"line":133,"column":18},"end":{"line":133,"column":null}},"54":{"start":{"line":134,"column":23},"end":{"line":134,"column":null}},"55":{"start":{"line":135,"column":6},"end":{"line":135,"column":null}},"56":{"start":{"line":136,"column":6},"end":{"line":136,"column":null}},"57":{"start":{"line":138,"column":6},"end":{"line":138,"column":null}},"58":{"start":{"line":143,"column":2},"end":{"line":162,"column":null}},"59":{"start":{"line":144,"column":4},"end":{"line":157,"column":null}},"60":{"start":{"line":145,"column":6},"end":{"line":156,"column":null}},"61":{"start":{"line":146,"column":8},"end":{"line":155,"column":null}},"62":{"start":{"line":147,"column":10},"end":{"line":154,"column":null}},"63":{"start":{"line":148,"column":32},"end":{"line":153,"column":14}},"64":{"start":{"line":156,"column":22},"end":{"line":156,"column":123}},"65":{"start":{"line":161,"column":4},"end":{"line":161,"column":null}},"66":{"start":{"line":167,"column":2},"end":{"line":191,"column":null}},"67":{"start":{"line":168,"column":4},"end":{"line":176,"column":null}},"68":{"start":{"line":169,"column":6},"end":{"line":174,"column":null}},"69":{"start":{"line":170,"column":8},"end":{"line":170,"column":null}},"70":{"start":{"line":171,"column":8},"end":{"line":173,"column":null}},"71":{"start":{"line":172,"column":10},"end":{"line":172,"column":null}},"72":{"start":{"line":175,"column":6},"end":{"line":175,"column":null}},"73":{"start":{"line":178,"column":4},"end":{"line":178,"column":null}},"74":{"start":{"line":180,"column":14},"end":{"line":189,"column":null}},"75":{"start":{"line":181,"column":6},"end":{"line":183,"column":null}},"76":{"start":{"line":182,"column":8},"end":{"line":182,"column":null}},"77":{"start":{"line":184,"column":6},"end":{"line":188,"column":null}},"78":{"start":{"line":190,"column":4},"end":{"line":190,"column":null}},"79":{"start":{"line":190,"column":17},"end":{"line":190,"column":null}},"80":{"start":{"line":194,"column":2},"end":{"line":204,"column":null}},"81":{"start":{"line":195,"column":4},"end":{"line":203,"column":null}},"82":{"start":{"line":197,"column":16},"end":{"line":200,"column":null}},"83":{"start":{"line":198,"column":8},"end":{"line":198,"column":null}},"84":{"start":{"line":199,"column":8},"end":{"line":199,"column":null}},"85":{"start":{"line":202,"column":6},"end":{"line":202,"column":null}},"86":{"start":{"line":202,"column":19},"end":{"line":202,"column":null}},"87":{"start":{"line":207,"column":2},"end":{"line":219,"column":null}},"88":{"start":{"line":208,"column":4},"end":{"line":208,"column":null}},"89":{"start":{"line":208,"column":37},"end":{"line":208,"column":null}},"90":{"start":{"line":209,"column":24},"end":{"line":211,"column":null}},"91":{"start":{"line":210,"column":6},"end":{"line":210,"column":null}},"92":{"start":{"line":212,"column":22},"end":{"line":214,"column":null}},"93":{"start":{"line":213,"column":6},"end":{"line":213,"column":null}},"94":{"start":{"line":215,"column":4},"end":{"line":218,"column":null}},"95":{"start":{"line":216,"column":6},"end":{"line":216,"column":null}},"96":{"start":{"line":217,"column":6},"end":{"line":217,"column":null}},"97":{"start":{"line":222,"column":2},"end":{"line":228,"column":null}},"98":{"start":{"line":223,"column":4},"end":{"line":223,"column":null}},"99":{"start":{"line":223,"column":57},"end":{"line":223,"column":null}},"100":{"start":{"line":224,"column":16},"end":{"line":226,"column":null}},"101":{"start":{"line":225,"column":6},"end":{"line":225,"column":null}},"102":{"start":{"line":227,"column":4},"end":{"line":227,"column":null}},"103":{"start":{"line":227,"column":17},"end":{"line":227,"column":null}},"104":{"start":{"line":231,"column":2},"end":{"line":252,"column":null}},"105":{"start":{"line":232,"column":4},"end":{"line":232,"column":null}},"106":{"start":{"line":232,"column":44},"end":{"line":232,"column":null}},"107":{"start":{"line":233,"column":24},"end":{"line":242,"column":null}},"108":{"start":{"line":234,"column":6},"end":{"line":241,"column":null}},"109":{"start":{"line":235,"column":8},"end":{"line":235,"column":null}},"110":{"start":{"line":236,"column":8},"end":{"line":236,"column":null}},"111":{"start":{"line":237,"column":8},"end":{"line":237,"column":null}},"112":{"start":{"line":238,"column":13},"end":{"line":241,"column":null}},"113":{"start":{"line":239,"column":8},"end":{"line":239,"column":null}},"114":{"start":{"line":240,"column":8},"end":{"line":240,"column":null}},"115":{"start":{"line":244,"column":21},"end":{"line":246,"column":null}},"116":{"start":{"line":245,"column":6},"end":{"line":245,"column":null}},"117":{"start":{"line":248,"column":4},"end":{"line":251,"column":null}},"118":{"start":{"line":249,"column":6},"end":{"line":249,"column":null}},"119":{"start":{"line":250,"column":6},"end":{"line":250,"column":null}},"120":{"start":{"line":255,"column":2},"end":{"line":323,"column":null}},"121":{"start":{"line":256,"column":4},"end":{"line":256,"column":null}},"122":{"start":{"line":256,"column":44},"end":{"line":256,"column":null}},"123":{"start":{"line":257,"column":4},"end":{"line":322,"column":null}},"124":{"start":{"line":258,"column":30},"end":{"line":258,"column":null}},"125":{"start":{"line":259,"column":25},"end":{"line":259,"column":null}},"126":{"start":{"line":260,"column":23},"end":{"line":260,"column":null}},"127":{"start":{"line":262,"column":21},"end":{"line":269,"column":null}},"128":{"start":{"line":271,"column":6},"end":{"line":271,"column":null}},"129":{"start":{"line":273,"column":6},"end":{"line":278,"column":null}},"130":{"start":{"line":283,"column":6},"end":{"line":293,"column":null}},"131":{"start":{"line":284,"column":8},"end":{"line":292,"column":null}},"132":{"start":{"line":285,"column":10},"end":{"line":285,"column":null}},"133":{"start":{"line":286,"column":10},"end":{"line":291,"column":null}},"134":{"start":{"line":296,"column":6},"end":{"line":321,"column":null}},"135":{"start":{"line":297,"column":8},"end":{"line":318,"column":null}},"136":{"start":{"line":319,"column":13},"end":{"line":321,"column":null}},"137":{"start":{"line":320,"column":8},"end":{"line":320,"column":null}},"138":{"start":{"line":326,"column":2},"end":{"line":339,"column":null}},"139":{"start":{"line":327,"column":4},"end":{"line":327,"column":null}},"140":{"start":{"line":327,"column":49},"end":{"line":327,"column":null}},"141":{"start":{"line":328,"column":4},"end":{"line":338,"column":null}},"142":{"start":{"line":329,"column":6},"end":{"line":337,"column":null}},"143":{"start":{"line":342,"column":2},"end":{"line":352,"column":null}},"144":{"start":{"line":343,"column":4},"end":{"line":343,"column":null}},"145":{"start":{"line":343,"column":48},"end":{"line":343,"column":null}},"146":{"start":{"line":344,"column":4},"end":{"line":351,"column":null}},"147":{"start":{"line":345,"column":6},"end":{"line":350,"column":null}},"148":{"start":{"line":356,"column":2},"end":{"line":362,"column":null}},"149":{"start":{"line":357,"column":4},"end":{"line":357,"column":null}},"150":{"start":{"line":357,"column":49},"end":{"line":357,"column":null}},"151":{"start":{"line":358,"column":18},"end":{"line":360,"column":null}},"152":{"start":{"line":361,"column":4},"end":{"line":361,"column":null}},"153":{"start":{"line":365,"column":2},"end":{"line":380,"column":null}},"154":{"start":{"line":366,"column":4},"end":{"line":366,"column":null}},"155":{"start":{"line":366,"column":45},"end":{"line":366,"column":null}},"156":{"start":{"line":367,"column":4},"end":{"line":367,"column":null}},"157":{"start":{"line":368,"column":4},"end":{"line":379,"column":null}},"158":{"start":{"line":369,"column":6},"end":{"line":378,"column":null}},"159":{"start":{"line":370,"column":8},"end":{"line":374,"column":null}},"160":{"start":{"line":375,"column":8},"end":{"line":375,"column":null}},"161":{"start":{"line":376,"column":13},"end":{"line":378,"column":null}},"162":{"start":{"line":377,"column":8},"end":{"line":377,"column":null}},"163":{"start":{"line":379,"column":20},"end":{"line":379,"column":114}},"164":{"start":{"line":382,"column":2},"end":{"line":389,"column":null}}},"fnMap":{"0":{"name":"useWindowWidth","decl":{"start":{"line":19,"column":9},"end":{"line":19,"column":26}},"loc":{"start":{"line":19,"column":26},"end":{"line":29,"column":null}},"line":19},"1":{"name":"(anonymous_1)","decl":{"start":{"line":20,"column":28},"end":{"line":20,"column":44}},"loc":{"start":{"line":20,"column":44},"end":{"line":20,"column":101}},"line":20},"2":{"name":"(anonymous_2)","decl":{"start":{"line":22,"column":2},"end":{"line":22,"column":18}},"loc":{"start":{"line":22,"column":18},"end":{"line":26,"column":5}},"line":22},"3":{"name":"(anonymous_3)","decl":{"start":{"line":23,"column":10},"end":{"line":23,"column":31}},"loc":{"start":{"line":23,"column":31},"end":{"line":23,"column":null}},"line":23},"4":{"name":"(anonymous_4)","decl":{"start":{"line":25,"column":4},"end":{"line":25,"column":17}},"loc":{"start":{"line":25,"column":17},"end":{"line":25,"column":null}},"line":25},"5":{"name":"MainContent","decl":{"start":{"line":31,"column":9},"end":{"line":31,"column":23}},"loc":{"start":{"line":31,"column":23},"end":{"line":52,"column":null}},"line":31},"6":{"name":"(anonymous_6)","decl":{"start":{"line":32,"column":20},"end":{"line":32,"column":33}},"loc":{"start":{"line":32,"column":39},"end":{"line":32,"column":50}},"line":32},"7":{"name":"App","decl":{"start":{"line":56,"column":24},"end":{"line":56,"column":30}},"loc":{"start":{"line":56,"column":30},"end":{"line":391,"column":null}},"line":56},"8":{"name":"(anonymous_8)","decl":{"start":{"line":59,"column":6},"end":{"line":59,"column":18}},"loc":{"start":{"line":59,"column":25},"end":{"line":67,"column":8}},"line":59},"9":{"name":"(anonymous_9)","decl":{"start":{"line":72,"column":2},"end":{"line":72,"column":18}},"loc":{"start":{"line":72,"column":18},"end":{"line":77,"column":5}},"line":72},"10":{"name":"(anonymous_10)","decl":{"start":{"line":81,"column":2},"end":{"line":81,"column":18}},"loc":{"start":{"line":81,"column":18},"end":{"line":95,"column":5}},"line":81},"11":{"name":"(anonymous_11)","decl":{"start":{"line":82,"column":10},"end":{"line":82,"column":21}},"loc":{"start":{"line":82,"column":39},"end":{"line":92,"column":null}},"line":82},"12":{"name":"(anonymous_12)","decl":{"start":{"line":94,"column":4},"end":{"line":94,"column":17}},"loc":{"start":{"line":94,"column":17},"end":{"line":94,"column":null}},"line":94},"13":{"name":"(anonymous_13)","decl":{"start":{"line":98,"column":2},"end":{"line":98,"column":18}},"loc":{"start":{"line":98,"column":18},"end":{"line":113,"column":5}},"line":98},"14":{"name":"(anonymous_14)","decl":{"start":{"line":102,"column":30},"end":{"line":102,"column":36}},"loc":{"start":{"line":102,"column":48},"end":{"line":108,"column":9}},"line":102},"15":{"name":"(anonymous_15)","decl":{"start":{"line":104,"column":32},"end":{"line":104,"column":44}},"loc":{"start":{"line":104,"column":44},"end":{"line":106,"column":13}},"line":104},"16":{"name":"(anonymous_16)","decl":{"start":{"line":108,"column":11},"end":{"line":108,"column":23}},"loc":{"start":{"line":108,"column":23},"end":{"line":110,"column":9}},"line":108},"17":{"name":"(anonymous_17)","decl":{"start":{"line":116,"column":34},"end":{"line":116,"column":49}},"loc":{"start":{"line":116,"column":49},"end":{"line":128,"column":3}},"line":116},"18":{"name":"(anonymous_18)","decl":{"start":{"line":130,"column":2},"end":{"line":130,"column":18}},"loc":{"start":{"line":130,"column":18},"end":{"line":140,"column":5}},"line":130},"19":{"name":"(anonymous_19)","decl":{"start":{"line":143,"column":2},"end":{"line":143,"column":18}},"loc":{"start":{"line":143,"column":18},"end":{"line":162,"column":5}},"line":143},"20":{"name":"(anonymous_20)","decl":{"start":{"line":145,"column":44},"end":{"line":145,"column":50}},"loc":{"start":{"line":145,"column":62},"end":{"line":156,"column":7}},"line":145},"21":{"name":"(anonymous_21)","decl":{"start":{"line":148,"column":20},"end":{"line":148,"column":25}},"loc":{"start":{"line":148,"column":32},"end":{"line":153,"column":14}},"line":148},"22":{"name":"(anonymous_22)","decl":{"start":{"line":156,"column":9},"end":{"line":156,"column":16}},"loc":{"start":{"line":156,"column":22},"end":{"line":156,"column":123}},"line":156},"23":{"name":"(anonymous_23)","decl":{"start":{"line":167,"column":2},"end":{"line":167,"column":18}},"loc":{"start":{"line":167,"column":18},"end":{"line":191,"column":5}},"line":167},"24":{"name":"(anonymous_24)","decl":{"start":{"line":180,"column":14},"end":{"line":180,"column":31}},"loc":{"start":{"line":180,"column":31},"end":{"line":189,"column":7}},"line":180},"25":{"name":"(anonymous_25)","decl":{"start":{"line":190,"column":4},"end":{"line":190,"column":17}},"loc":{"start":{"line":190,"column":17},"end":{"line":190,"column":null}},"line":190},"26":{"name":"(anonymous_26)","decl":{"start":{"line":194,"column":2},"end":{"line":194,"column":18}},"loc":{"start":{"line":194,"column":18},"end":{"line":204,"column":5}},"line":194},"27":{"name":"(anonymous_27)","decl":{"start":{"line":197,"column":16},"end":{"line":197,"column":33}},"loc":{"start":{"line":197,"column":33},"end":{"line":200,"column":9}},"line":197},"28":{"name":"(anonymous_28)","decl":{"start":{"line":202,"column":6},"end":{"line":202,"column":19}},"loc":{"start":{"line":202,"column":19},"end":{"line":202,"column":null}},"line":202},"29":{"name":"(anonymous_29)","decl":{"start":{"line":207,"column":2},"end":{"line":207,"column":18}},"loc":{"start":{"line":207,"column":18},"end":{"line":219,"column":5}},"line":207},"30":{"name":"(anonymous_30)","decl":{"start":{"line":209,"column":50},"end":{"line":209,"column":77}},"loc":{"start":{"line":209,"column":77},"end":{"line":211,"column":5}},"line":209},"31":{"name":"(anonymous_31)","decl":{"start":{"line":212,"column":48},"end":{"line":212,"column":71}},"loc":{"start":{"line":212,"column":71},"end":{"line":214,"column":5}},"line":212},"32":{"name":"(anonymous_32)","decl":{"start":{"line":215,"column":4},"end":{"line":215,"column":17}},"loc":{"start":{"line":215,"column":17},"end":{"line":218,"column":null}},"line":215},"33":{"name":"(anonymous_33)","decl":{"start":{"line":222,"column":2},"end":{"line":222,"column":18}},"loc":{"start":{"line":222,"column":18},"end":{"line":228,"column":5}},"line":222},"34":{"name":"(anonymous_34)","decl":{"start":{"line":224,"column":42},"end":{"line":224,"column":67}},"loc":{"start":{"line":224,"column":67},"end":{"line":226,"column":5}},"line":224},"35":{"name":"(anonymous_35)","decl":{"start":{"line":227,"column":4},"end":{"line":227,"column":17}},"loc":{"start":{"line":227,"column":17},"end":{"line":227,"column":null}},"line":227},"36":{"name":"(anonymous_36)","decl":{"start":{"line":231,"column":2},"end":{"line":231,"column":18}},"loc":{"start":{"line":231,"column":18},"end":{"line":252,"column":5}},"line":231},"37":{"name":"(anonymous_37)","decl":{"start":{"line":233,"column":47},"end":{"line":233,"column":57}},"loc":{"start":{"line":233,"column":66},"end":{"line":242,"column":5}},"line":233},"38":{"name":"(anonymous_38)","decl":{"start":{"line":244,"column":44},"end":{"line":244,"column":53}},"loc":{"start":{"line":244,"column":62},"end":{"line":246,"column":5}},"line":244},"39":{"name":"(anonymous_39)","decl":{"start":{"line":248,"column":4},"end":{"line":248,"column":17}},"loc":{"start":{"line":248,"column":17},"end":{"line":251,"column":null}},"line":248},"40":{"name":"(anonymous_40)","decl":{"start":{"line":255,"column":2},"end":{"line":255,"column":18}},"loc":{"start":{"line":255,"column":18},"end":{"line":323,"column":5}},"line":255},"41":{"name":"(anonymous_41)","decl":{"start":{"line":257,"column":34},"end":{"line":257,"column":44}},"loc":{"start":{"line":257,"column":59},"end":{"line":322,"column":5}},"line":257},"42":{"name":"(anonymous_42)","decl":{"start":{"line":326,"column":2},"end":{"line":326,"column":18}},"loc":{"start":{"line":326,"column":18},"end":{"line":339,"column":5}},"line":326},"43":{"name":"(anonymous_43)","decl":{"start":{"line":328,"column":34},"end":{"line":328,"column":49}},"loc":{"start":{"line":328,"column":78},"end":{"line":338,"column":5}},"line":328},"44":{"name":"(anonymous_44)","decl":{"start":{"line":342,"column":2},"end":{"line":342,"column":18}},"loc":{"start":{"line":342,"column":18},"end":{"line":352,"column":5}},"line":342},"45":{"name":"(anonymous_45)","decl":{"start":{"line":344,"column":30},"end":{"line":344,"column":49}},"loc":{"start":{"line":344,"column":112},"end":{"line":351,"column":5}},"line":344},"46":{"name":"(anonymous_46)","decl":{"start":{"line":356,"column":2},"end":{"line":356,"column":18}},"loc":{"start":{"line":356,"column":18},"end":{"line":362,"column":5}},"line":356},"47":{"name":"(anonymous_47)","decl":{"start":{"line":365,"column":2},"end":{"line":365,"column":18}},"loc":{"start":{"line":365,"column":18},"end":{"line":380,"column":5}},"line":365},"48":{"name":"(anonymous_48)","decl":{"start":{"line":368,"column":47},"end":{"line":368,"column":53}},"loc":{"start":{"line":368,"column":64},"end":{"line":379,"column":5}},"line":368},"49":{"name":"(anonymous_49)","decl":{"start":{"line":379,"column":7},"end":{"line":379,"column":14}},"loc":{"start":{"line":379,"column":20},"end":{"line":379,"column":114}},"line":379}},"branchMap":{"0":{"loc":{"start":{"line":20,"column":44},"end":{"line":20,"column":101}},"type":"cond-expr","locations":[{"start":{"line":20,"column":76},"end":{"line":20,"column":96}},{"start":{"line":20,"column":96},"end":{"line":20,"column":101}}],"line":20},"1":{"loc":{"start":{"line":73,"column":4},"end":{"line":76,"column":null}},"type":"if","locations":[{"start":{"line":73,"column":4},"end":{"line":76,"column":null}},{"start":{},"end":{}}],"line":73},"2":{"loc":{"start":{"line":84,"column":6},"end":{"line":90,"column":null}},"type":"if","locations":[{"start":{"line":84,"column":6},"end":{"line":90,"column":null}},{"start":{},"end":{}}],"line":84},"3":{"loc":{"start":{"line":85,"column":8},"end":{"line":87,"column":null}},"type":"binary-expr","locations":[{"start":{"line":85,"column":8},"end":{"line":85,"column":null}},{"start":{"line":86,"column":8},"end":{"line":86,"column":null}},{"start":{"line":87,"column":8},"end":{"line":87,"column":null}}],"line":85},"4":{"loc":{"start":{"line":99,"column":4},"end":{"line":112,"column":null}},"type":"if","locations":[{"start":{"line":99,"column":4},"end":{"line":112,"column":null}},{"start":{},"end":{}}],"line":99},"5":{"loc":{"start":{"line":99,"column":8},"end":{"line":99,"column":69}},"type":"binary-expr","locations":[{"start":{"line":99,"column":8},"end":{"line":99,"column":41}},{"start":{"line":99,"column":41},"end":{"line":99,"column":69}}],"line":99},"6":{"loc":{"start":{"line":101,"column":6},"end":{"line":111,"column":null}},"type":"if","locations":[{"start":{"line":101,"column":6},"end":{"line":111,"column":null}},{"start":{},"end":{}}],"line":101},"7":{"loc":{"start":{"line":103,"column":10},"end":{"line":107,"column":null}},"type":"if","locations":[{"start":{"line":103,"column":10},"end":{"line":107,"column":null}},{"start":{},"end":{}}],"line":103},"8":{"loc":{"start":{"line":103,"column":14},"end":{"line":103,"column":67}},"type":"binary-expr","locations":[{"start":{"line":103,"column":14},"end":{"line":103,"column":26}},{"start":{"line":103,"column":26},"end":{"line":103,"column":67}}],"line":103},"9":{"loc":{"start":{"line":118,"column":4},"end":{"line":118,"column":null}},"type":"if","locations":[{"start":{"line":118,"column":4},"end":{"line":118,"column":null}},{"start":{},"end":{}}],"line":118},"10":{"loc":{"start":{"line":121,"column":6},"end":{"line":121,"column":null}},"type":"if","locations":[{"start":{"line":121,"column":6},"end":{"line":121,"column":null}},{"start":{},"end":{}}],"line":121},"11":{"loc":{"start":{"line":131,"column":4},"end":{"line":131,"column":null}},"type":"if","locations":[{"start":{"line":131,"column":4},"end":{"line":131,"column":null}},{"start":{},"end":{}}],"line":131},"12":{"loc":{"start":{"line":131,"column":8},"end":{"line":131,"column":65}},"type":"binary-expr","locations":[{"start":{"line":131,"column":8},"end":{"line":131,"column":41}},{"start":{"line":131,"column":41},"end":{"line":131,"column":65}}],"line":131},"13":{"loc":{"start":{"line":134,"column":23},"end":{"line":134,"column":null}},"type":"cond-expr","locations":[{"start":{"line":134,"column":29},"end":{"line":134,"column":47}},{"start":{"line":134,"column":47},"end":{"line":134,"column":null}}],"line":134},"14":{"loc":{"start":{"line":144,"column":4},"end":{"line":157,"column":null}},"type":"if","locations":[{"start":{"line":144,"column":4},"end":{"line":157,"column":null}},{"start":{},"end":{}}],"line":144},"15":{"loc":{"start":{"line":144,"column":8},"end":{"line":144,"column":74}},"type":"binary-expr","locations":[{"start":{"line":144,"column":8},"end":{"line":144,"column":41}},{"start":{"line":144,"column":41},"end":{"line":144,"column":74}}],"line":144},"16":{"loc":{"start":{"line":146,"column":8},"end":{"line":155,"column":null}},"type":"if","locations":[{"start":{"line":146,"column":8},"end":{"line":155,"column":null}},{"start":{},"end":{}}],"line":146},"17":{"loc":{"start":{"line":146,"column":12},"end":{"line":146,"column":43}},"type":"binary-expr","locations":[{"start":{"line":146,"column":12},"end":{"line":146,"column":23}},{"start":{"line":146,"column":23},"end":{"line":146,"column":43}}],"line":146},"18":{"loc":{"start":{"line":152,"column":23},"end":{"line":152,"column":null}},"type":"binary-expr","locations":[{"start":{"line":152,"column":23},"end":{"line":152,"column":36}},{"start":{"line":152,"column":36},"end":{"line":152,"column":null}}],"line":152},"19":{"loc":{"start":{"line":168,"column":4},"end":{"line":176,"column":null}},"type":"if","locations":[{"start":{"line":168,"column":4},"end":{"line":176,"column":null}},{"start":{},"end":{}}],"line":168},"20":{"loc":{"start":{"line":168,"column":8},"end":{"line":168,"column":65}},"type":"binary-expr","locations":[{"start":{"line":168,"column":8},"end":{"line":168,"column":42}},{"start":{"line":168,"column":42},"end":{"line":168,"column":65}}],"line":168},"21":{"loc":{"start":{"line":169,"column":6},"end":{"line":174,"column":null}},"type":"if","locations":[{"start":{"line":169,"column":6},"end":{"line":174,"column":null}},{"start":{},"end":{}}],"line":169},"22":{"loc":{"start":{"line":171,"column":8},"end":{"line":173,"column":null}},"type":"if","locations":[{"start":{"line":171,"column":8},"end":{"line":173,"column":null}},{"start":{},"end":{}}],"line":171},"23":{"loc":{"start":{"line":181,"column":6},"end":{"line":183,"column":null}},"type":"if","locations":[{"start":{"line":181,"column":6},"end":{"line":183,"column":null}},{"start":{},"end":{}}],"line":181},"24":{"loc":{"start":{"line":195,"column":4},"end":{"line":203,"column":null}},"type":"if","locations":[{"start":{"line":195,"column":4},"end":{"line":203,"column":null}},{"start":{},"end":{}}],"line":195},"25":{"loc":{"start":{"line":195,"column":8},"end":{"line":195,"column":87}},"type":"binary-expr","locations":[{"start":{"line":195,"column":8},"end":{"line":195,"column":28}},{"start":{"line":195,"column":28},"end":{"line":195,"column":50}},{"start":{"line":195,"column":50},"end":{"line":195,"column":72}},{"start":{"line":195,"column":72},"end":{"line":195,"column":87}}],"line":195},"26":{"loc":{"start":{"line":208,"column":4},"end":{"line":208,"column":null}},"type":"if","locations":[{"start":{"line":208,"column":4},"end":{"line":208,"column":null}},{"start":{},"end":{}}],"line":208},"27":{"loc":{"start":{"line":223,"column":4},"end":{"line":223,"column":null}},"type":"if","locations":[{"start":{"line":223,"column":4},"end":{"line":223,"column":null}},{"start":{},"end":{}}],"line":223},"28":{"loc":{"start":{"line":232,"column":4},"end":{"line":232,"column":null}},"type":"if","locations":[{"start":{"line":232,"column":4},"end":{"line":232,"column":null}},{"start":{},"end":{}}],"line":232},"29":{"loc":{"start":{"line":234,"column":6},"end":{"line":241,"column":null}},"type":"if","locations":[{"start":{"line":234,"column":6},"end":{"line":241,"column":null}},{"start":{"line":238,"column":13},"end":{"line":241,"column":null}}],"line":234},"30":{"loc":{"start":{"line":238,"column":13},"end":{"line":241,"column":null}},"type":"if","locations":[{"start":{"line":238,"column":13},"end":{"line":241,"column":null}},{"start":{},"end":{}}],"line":238},"31":{"loc":{"start":{"line":256,"column":4},"end":{"line":256,"column":null}},"type":"if","locations":[{"start":{"line":256,"column":4},"end":{"line":256,"column":null}},{"start":{},"end":{}}],"line":256},"32":{"loc":{"start":{"line":259,"column":58},"end":{"line":259,"column":87}},"type":"binary-expr","locations":[{"start":{"line":259,"column":58},"end":{"line":259,"column":85}},{"start":{"line":259,"column":85},"end":{"line":259,"column":87}}],"line":259},"33":{"loc":{"start":{"line":260,"column":42},"end":{"line":260,"column":69}},"type":"binary-expr","locations":[{"start":{"line":260,"column":42},"end":{"line":260,"column":67}},{"start":{"line":260,"column":67},"end":{"line":260,"column":69}}],"line":260},"34":{"loc":{"start":{"line":283,"column":6},"end":{"line":293,"column":null}},"type":"if","locations":[{"start":{"line":283,"column":6},"end":{"line":293,"column":null}},{"start":{},"end":{}}],"line":283},"35":{"loc":{"start":{"line":283,"column":10},"end":{"line":283,"column":82}},"type":"binary-expr","locations":[{"start":{"line":283,"column":10},"end":{"line":283,"column":45}},{"start":{"line":283,"column":45},"end":{"line":283,"column":82}}],"line":283},"36":{"loc":{"start":{"line":284,"column":8},"end":{"line":292,"column":null}},"type":"if","locations":[{"start":{"line":284,"column":8},"end":{"line":292,"column":null}},{"start":{},"end":{}}],"line":284},"37":{"loc":{"start":{"line":296,"column":6},"end":{"line":321,"column":null}},"type":"if","locations":[{"start":{"line":296,"column":6},"end":{"line":321,"column":null}},{"start":{"line":319,"column":13},"end":{"line":321,"column":null}}],"line":296},"38":{"loc":{"start":{"line":296,"column":10},"end":{"line":296,"column":77}},"type":"binary-expr","locations":[{"start":{"line":296,"column":10},"end":{"line":296,"column":44}},{"start":{"line":296,"column":44},"end":{"line":296,"column":77}}],"line":296},"39":{"loc":{"start":{"line":319,"column":13},"end":{"line":321,"column":null}},"type":"if","locations":[{"start":{"line":319,"column":13},"end":{"line":321,"column":null}},{"start":{},"end":{}}],"line":319},"40":{"loc":{"start":{"line":319,"column":17},"end":{"line":319,"column":85}},"type":"binary-expr","locations":[{"start":{"line":319,"column":17},"end":{"line":319,"column":51}},{"start":{"line":319,"column":51},"end":{"line":319,"column":85}}],"line":319},"41":{"loc":{"start":{"line":320,"column":87},"end":{"line":320,"column":123}},"type":"cond-expr","locations":[{"start":{"line":320,"column":98},"end":{"line":320,"column":117}},{"start":{"line":320,"column":117},"end":{"line":320,"column":123}}],"line":320},"42":{"loc":{"start":{"line":327,"column":4},"end":{"line":327,"column":null}},"type":"if","locations":[{"start":{"line":327,"column":4},"end":{"line":327,"column":null}},{"start":{},"end":{}}],"line":327},"43":{"loc":{"start":{"line":330,"column":15},"end":{"line":330,"column":null}},"type":"cond-expr","locations":[{"start":{"line":330,"column":43},"end":{"line":330,"column":55}},{"start":{"line":330,"column":55},"end":{"line":330,"column":null}}],"line":330},"44":{"loc":{"start":{"line":334,"column":10},"end":{"line":336,"column":null}},"type":"cond-expr","locations":[{"start":{"line":335,"column":14},"end":{"line":335,"column":null}},{"start":{"line":336,"column":14},"end":{"line":336,"column":null}}],"line":334},"45":{"loc":{"start":{"line":343,"column":4},"end":{"line":343,"column":null}},"type":"if","locations":[{"start":{"line":343,"column":4},"end":{"line":343,"column":null}},{"start":{},"end":{}}],"line":343},"46":{"loc":{"start":{"line":357,"column":4},"end":{"line":357,"column":null}},"type":"if","locations":[{"start":{"line":357,"column":4},"end":{"line":357,"column":null}},{"start":{},"end":{}}],"line":357},"47":{"loc":{"start":{"line":358,"column":18},"end":{"line":360,"column":null}},"type":"cond-expr","locations":[{"start":{"line":359,"column":8},"end":{"line":359,"column":null}},{"start":{"line":360,"column":8},"end":{"line":360,"column":null}}],"line":358},"48":{"loc":{"start":{"line":359,"column":8},"end":{"line":359,"column":null}},"type":"cond-expr","locations":[{"start":{"line":359,"column":24},"end":{"line":359,"column":39}},{"start":{"line":359,"column":39},"end":{"line":359,"column":null}}],"line":359},"49":{"loc":{"start":{"line":366,"column":4},"end":{"line":366,"column":null}},"type":"if","locations":[{"start":{"line":366,"column":4},"end":{"line":366,"column":null}},{"start":{},"end":{}}],"line":366},"50":{"loc":{"start":{"line":369,"column":6},"end":{"line":378,"column":null}},"type":"if","locations":[{"start":{"line":369,"column":6},"end":{"line":378,"column":null}},{"start":{"line":376,"column":13},"end":{"line":378,"column":null}}],"line":369},"51":{"loc":{"start":{"line":376,"column":13},"end":{"line":378,"column":null}},"type":"if","locations":[{"start":{"line":376,"column":13},"end":{"line":378,"column":null}},{"start":{},"end":{}}],"line":376}},"s":{"0":0,"1":0,"2":0,"3":0,"4":0,"5":0,"6":0,"7":0,"8":0,"9":0,"10":0,"11":0,"12":0,"13":0,"14":0,"15":0,"16":0,"17":0,"18":0,"19":0,"20":0,"21":0,"22":0,"23":0,"24":0,"25":0,"26":0,"27":0,"28":0,"29":0,"30":0,"31":0,"32":0,"33":0,"34":0,"35":0,"36":0,"37":0,"38":0,"39":0,"40":0,"41":0,"42":0,"43":0,"44":0,"45":0,"46":0,"47":0,"48":0,"49":0,"50":0,"51":0,"52":0,"53":0,"54":0,"55":0,"56":0,"57":0,"58":0,"59":0,"60":0,"61":0,"62":0,"63":0,"64":0,"65":0,"66":0,"67":0,"68":0,"69":0,"70":0,"71":0,"72":0,"73":0,"74":0,"75":0,"76":0,"77":0,"78":0,"79":0,"80":0,"81":0,"82":0,"83":0,"84":0,"85":0,"86":0,"87":0,"88":0,"89":0,"90":0,"91":0,"92":0,"93":0,"94":0,"95":0,"96":0,"97":0,"98":0,"99":0,"100":0,"101":0,"102":0,"103":0,"104":0,"105":0,"106":0,"107":0,"108":0,"109":0,"110":0,"111":0,"112":0,"113":0,"114":0,"115":0,"116":0,"117":0,"118":0,"119":0,"120":0,"121":0,"122":0,"123":0,"124":0,"125":0,"126":0,"127":0,"128":0,"129":0,"130":0,"131":0,"132":0,"133":0,"134":0,"135":0,"136":0,"137":0,"138":0,"139":0,"140":0,"141":0,"142":0,"143":0,"144":0,"145":0,"146":0,"147":0,"148":0,"149":0,"150":0,"151":0,"152":0,"153":0,"154":0,"155":0,"156":0,"157":0,"158":0,"159":0,"160":0,"161":0,"162":0,"163":0,"164":0},"f":{"0":0,"1":0,"2":0,"3":0,"4":0,"5":0,"6":0,"7":0,"8":0,"9":0,"10":0,"11":0,"12":0,"13":0,"14":0,"15":0,"16":0,"17":0,"18":0,"19":0,"20":0,"21":0,"22":0,"23":0,"24":0,"25":0,"26":0,"27":0,"28":0,"29":0,"30":0,"31":0,"32":0,"33":0,"34":0,"35":0,"36":0,"37":0,"38":0,"39":0,"40":0,"41":0,"42":0,"43":0,"44":0,"45":0,"46":0,"47":0,"48":0,"49":0},"b":{"0":[0,0],"1":[0,0],"2":[0,0],"3":[0,0,0],"4":[0,0],"5":[0,0],"6":[0,0],"7":[0,0],"8":[0,0],"9":[0,0],"10":[0,0],"11":[0,0],"12":[0,0],"13":[0,0],"14":[0,0],"15":[0,0],"16":[0,0],"17":[0,0],"18":[0,0],"19":[0,0],"20":[0,0],"21":[0,0],"22":[0,0],"23":[0,0],"24":[0,0],"25":[0,0,0,0],"26":[0,0],"27":[0,0],"28":[0,0],"29":[0,0],"30":[0,0],"31":[0,0],"32":[0,0],"33":[0,0],"34":[0,0],"35":[0,0],"36":[0,0],"37":[0,0],"38":[0,0],"39":[0,0],"40":[0,0],"41":[0,0],"42":[0,0],"43":[0,0],"44":[0,0],"45":[0,0],"46":[0,0],"47":[0,0],"48":[0,0],"49":[0,0],"50":[0,0],"51":[0,0]},"meta":{"lastBranch":52,"lastFunction":50,"lastStatement":165,"seen":{"s:17:36:17:Infinity":0,"f:19:9:19:26":0,"s:20:28:20:Infinity":1,"f:20:28:20:44":1,"s:20:44:20:101":2,"b:20:76:20:96:20:96:20:101":0,"s:22:2:26:Infinity":3,"f:22:2:22:18":2,"s:23:10:23:Infinity":4,"f:23:10:23:31":3,"s:23:31:23:Infinity":5,"s:24:4:24:Infinity":6,"s:25:4:25:Infinity":7,"f:25:4:25:17":4,"s:25:17:25:Infinity":8,"s:28:2:28:Infinity":9,"f:31:9:31:23":5,"s:32:20:32:Infinity":10,"f:32:20:32:33":6,"s:32:39:32:50":11,"s:34:18:43:Infinity":12,"s:45:2:50:Infinity":13,"f:56:24:56:30":7,"s:58:4:68:Infinity":14,"f:59:6:59:18":8,"s:59:25:67:8":15,"s:69:16:69:Infinity":16,"s:70:27:70:Infinity":17,"s:72:2:77:Infinity":18,"f:72:2:72:18":9,"b:73:4:76:Infinity:undefined:undefined:undefined:undefined":1,"s:73:4:76:Infinity":19,"s:74:6:74:Infinity":20,"s:75:6:75:Infinity":21,"s:81:2:95:Infinity":22,"f:81:2:81:18":10,"s:82:10:92:Infinity":23,"f:82:10:82:21":11,"s:83:21:83:Infinity":24,"b:84:6:90:Infinity:undefined:undefined:undefined:undefined":2,"s:84:6:90:Infinity":25,"b:85:8:85:Infinity:86:8:86:Infinity:87:8:87:Infinity":3,"s:89:8:89:Infinity":26,"s:91:6:91:Infinity":27,"s:93:4:93:Infinity":28,"s:94:4:94:Infinity":29,"f:94:4:94:17":12,"s:94:17:94:Infinity":30,"s:98:2:113:Infinity":31,"f:98:2:98:18":13,"b:99:4:112:Infinity:undefined:undefined:undefined:undefined":4,"s:99:4:112:Infinity":32,"b:99:8:99:41:99:41:99:69":5,"s:100:57:100:Infinity":33,"b:101:6:111:Infinity:undefined:undefined:undefined:undefined":6,"s:101:6:111:Infinity":34,"s:102:8:110:Infinity":35,"f:102:30:102:36":14,"b:103:10:107:Infinity:undefined:undefined:undefined:undefined":7,"s:103:10:107:Infinity":36,"b:103:14:103:26:103:26:103:67":8,"s:104:12:106:Infinity":37,"f:104:32:104:44":15,"f:108:11:108:23":16,"s:116:34:128:Infinity":38,"f:116:34:116:49":17,"b:118:4:118:Infinity:undefined:undefined:undefined:undefined":9,"s:118:4:118:Infinity":39,"s:118:39:118:Infinity":40,"s:119:4:127:Infinity":41,"s:120:18:120:Infinity":42,"b:121:6:121:Infinity:undefined:undefined:undefined:undefined":10,"s:121:6:121:Infinity":43,"s:121:16:121:Infinity":44,"s:122:23:122:Infinity":45,"s:123:6:123:Infinity":46,"s:125:6:125:Infinity":47,"s:126:6:126:Infinity":48,"s:130:2:140:Infinity":49,"f:130:2:130:18":18,"b:131:4:131:Infinity:undefined:undefined:undefined:undefined":11,"s:131:4:131:Infinity":50,"b:131:8:131:41:131:41:131:65":12,"s:131:65:131:Infinity":51,"s:132:4:139:Infinity":52,"s:133:18:133:Infinity":53,"s:134:23:134:Infinity":54,"b:134:29:134:47:134:47:134:Infinity":13,"s:135:6:135:Infinity":55,"s:136:6:136:Infinity":56,"s:138:6:138:Infinity":57,"s:143:2:162:Infinity":58,"f:143:2:143:18":19,"b:144:4:157:Infinity:undefined:undefined:undefined:undefined":14,"s:144:4:157:Infinity":59,"b:144:8:144:41:144:41:144:74":15,"s:145:6:156:Infinity":60,"f:145:44:145:50":20,"b:146:8:155:Infinity:undefined:undefined:undefined:undefined":16,"s:146:8:155:Infinity":61,"b:146:12:146:23:146:23:146:43":17,"s:147:10:154:Infinity":62,"f:148:20:148:25":21,"s:148:32:153:14":63,"b:152:23:152:36:152:36:152:Infinity":18,"f:156:9:156:16":22,"s:156:22:156:123":64,"s:161:4:161:Infinity":65,"s:167:2:191:Infinity":66,"f:167:2:167:18":23,"b:168:4:176:Infinity:undefined:undefined:undefined:undefined":19,"s:168:4:176:Infinity":67,"b:168:8:168:42:168:42:168:65":20,"b:169:6:174:Infinity:undefined:undefined:undefined:undefined":21,"s:169:6:174:Infinity":68,"s:170:8:170:Infinity":69,"b:171:8:173:Infinity:undefined:undefined:undefined:undefined":22,"s:171:8:173:Infinity":70,"s:172:10:172:Infinity":71,"s:175:6:175:Infinity":72,"s:178:4:178:Infinity":73,"s:180:14:189:Infinity":74,"f:180:14:180:31":24,"b:181:6:183:Infinity:undefined:undefined:undefined:undefined":23,"s:181:6:183:Infinity":75,"s:182:8:182:Infinity":76,"s:184:6:188:Infinity":77,"s:190:4:190:Infinity":78,"f:190:4:190:17":25,"s:190:17:190:Infinity":79,"s:194:2:204:Infinity":80,"f:194:2:194:18":26,"b:195:4:203:Infinity:undefined:undefined:undefined:undefined":24,"s:195:4:203:Infinity":81,"b:195:8:195:28:195:28:195:50:195:50:195:72:195:72:195:87":25,"s:197:16:200:Infinity":82,"f:197:16:197:33":27,"s:198:8:198:Infinity":83,"s:199:8:199:Infinity":84,"s:202:6:202:Infinity":85,"f:202:6:202:19":28,"s:202:19:202:Infinity":86,"s:207:2:219:Infinity":87,"f:207:2:207:18":29,"b:208:4:208:Infinity:undefined:undefined:undefined:undefined":26,"s:208:4:208:Infinity":88,"s:208:37:208:Infinity":89,"s:209:24:211:Infinity":90,"f:209:50:209:77":30,"s:210:6:210:Infinity":91,"s:212:22:214:Infinity":92,"f:212:48:212:71":31,"s:213:6:213:Infinity":93,"s:215:4:218:Infinity":94,"f:215:4:215:17":32,"s:216:6:216:Infinity":95,"s:217:6:217:Infinity":96,"s:222:2:228:Infinity":97,"f:222:2:222:18":33,"b:223:4:223:Infinity:undefined:undefined:undefined:undefined":27,"s:223:4:223:Infinity":98,"s:223:57:223:Infinity":99,"s:224:16:226:Infinity":100,"f:224:42:224:67":34,"s:225:6:225:Infinity":101,"s:227:4:227:Infinity":102,"f:227:4:227:17":35,"s:227:17:227:Infinity":103,"s:231:2:252:Infinity":104,"f:231:2:231:18":36,"b:232:4:232:Infinity:undefined:undefined:undefined:undefined":28,"s:232:4:232:Infinity":105,"s:232:44:232:Infinity":106,"s:233:24:242:Infinity":107,"f:233:47:233:57":37,"b:234:6:241:Infinity:238:13:241:Infinity":29,"s:234:6:241:Infinity":108,"s:235:8:235:Infinity":109,"s:236:8:236:Infinity":110,"s:237:8:237:Infinity":111,"b:238:13:241:Infinity:undefined:undefined:undefined:undefined":30,"s:238:13:241:Infinity":112,"s:239:8:239:Infinity":113,"s:240:8:240:Infinity":114,"s:244:21:246:Infinity":115,"f:244:44:244:53":38,"s:245:6:245:Infinity":116,"s:248:4:251:Infinity":117,"f:248:4:248:17":39,"s:249:6:249:Infinity":118,"s:250:6:250:Infinity":119,"s:255:2:323:Infinity":120,"f:255:2:255:18":40,"b:256:4:256:Infinity:undefined:undefined:undefined:undefined":31,"s:256:4:256:Infinity":121,"s:256:44:256:Infinity":122,"s:257:4:322:Infinity":123,"f:257:34:257:44":41,"s:258:30:258:Infinity":124,"s:259:25:259:Infinity":125,"b:259:58:259:85:259:85:259:87":32,"s:260:23:260:Infinity":126,"b:260:42:260:67:260:67:260:69":33,"s:262:21:269:Infinity":127,"s:271:6:271:Infinity":128,"s:273:6:278:Infinity":129,"b:283:6:293:Infinity:undefined:undefined:undefined:undefined":34,"s:283:6:293:Infinity":130,"b:283:10:283:45:283:45:283:82":35,"b:284:8:292:Infinity:undefined:undefined:undefined:undefined":36,"s:284:8:292:Infinity":131,"s:285:10:285:Infinity":132,"s:286:10:291:Infinity":133,"b:296:6:321:Infinity:319:13:321:Infinity":37,"s:296:6:321:Infinity":134,"b:296:10:296:44:296:44:296:77":38,"s:297:8:318:Infinity":135,"b:319:13:321:Infinity:undefined:undefined:undefined:undefined":39,"s:319:13:321:Infinity":136,"b:319:17:319:51:319:51:319:85":40,"s:320:8:320:Infinity":137,"b:320:98:320:117:320:117:320:123":41,"s:326:2:339:Infinity":138,"f:326:2:326:18":42,"b:327:4:327:Infinity:undefined:undefined:undefined:undefined":42,"s:327:4:327:Infinity":139,"s:327:49:327:Infinity":140,"s:328:4:338:Infinity":141,"f:328:34:328:49":43,"s:329:6:337:Infinity":142,"b:330:43:330:55:330:55:330:Infinity":43,"b:335:14:335:Infinity:336:14:336:Infinity":44,"s:342:2:352:Infinity":143,"f:342:2:342:18":44,"b:343:4:343:Infinity:undefined:undefined:undefined:undefined":45,"s:343:4:343:Infinity":144,"s:343:48:343:Infinity":145,"s:344:4:351:Infinity":146,"f:344:30:344:49":45,"s:345:6:350:Infinity":147,"s:356:2:362:Infinity":148,"f:356:2:356:18":46,"b:357:4:357:Infinity:undefined:undefined:undefined:undefined":46,"s:357:4:357:Infinity":149,"s:357:49:357:Infinity":150,"s:358:18:360:Infinity":151,"b:359:8:359:Infinity:360:8:360:Infinity":47,"b:359:24:359:39:359:39:359:Infinity":48,"s:361:4:361:Infinity":152,"s:365:2:380:Infinity":153,"f:365:2:365:18":47,"b:366:4:366:Infinity:undefined:undefined:undefined:undefined":49,"s:366:4:366:Infinity":154,"s:366:45:366:Infinity":155,"s:367:4:367:Infinity":156,"s:368:4:379:Infinity":157,"f:368:47:368:53":48,"b:369:6:378:Infinity:376:13:378:Infinity":50,"s:369:6:378:Infinity":158,"s:370:8:374:Infinity":159,"s:375:8:375:Infinity":160,"b:376:13:378:Infinity:undefined:undefined:undefined:undefined":51,"s:376:13:378:Infinity":161,"s:377:8:377:Infinity":162,"f:379:7:379:14":49,"s:379:20:379:114":163,"s:382:2:389:Infinity":164},"fnNames":{}}}
,"D:\\CallerFlash\\src\\electron-bridge.d.ts": {"path":"D:\\CallerFlash\\src\\electron-bridge.d.ts","statementMap":{},"fnMap":{},"branchMap":{},"s":{},"f":{},"b":{},"meta":{"lastBranch":0,"lastFunction":0,"lastStatement":0,"seen":{},"fnNames":{}}}
,"D:\\CallerFlash\\src\\globals.d.ts": {"path":"D:\\CallerFlash\\src\\globals.d.ts","statementMap":{},"fnMap":{},"branchMap":{},"s":{},"f":{},"b":{},"meta":{"lastBranch":0,"lastFunction":0,"lastStatement":0,"seen":{},"fnNames":{}}}
,"D:\\CallerFlash\\src\\main.tsx": {"path":"D:\\CallerFlash\\src\\main.tsx","statementMap":{"0":{"start":{"line":10,"column":15},"end":{"line":10,"column":null}},"1":{"start":{"line":11,"column":0},"end":{"line":13,"column":null}},"2":{"start":{"line":12,"column":2},"end":{"line":12,"column":null}},"3":{"start":{"line":14,"column":0},"end":{"line":18,"column":null}}},"fnMap":{},"branchMap":{"0":{"loc":{"start":{"line":11,"column":0},"end":{"line":13,"column":null}},"type":"if","locations":[{"start":{"line":11,"column":0},"end":{"line":13,"column":null}},{"start":{},"end":{}}],"line":11}},"s":{"0":0,"1":0,"2":0,"3":0},"f":{},"b":{"0":[0,0]},"meta":{"lastBranch":1,"lastFunction":0,"lastStatement":4,"seen":{"s:10:15:10:Infinity":0,"b:11:0:13:Infinity:undefined:undefined:undefined:undefined":0,"s:11:0:13:Infinity":1,"s:12:2:12:Infinity":2,"s:14:0:18:Infinity":3},"fnNames":{}}}
,"D:\\CallerFlash\\src\\tauri-bridge.ts": {"path":"D:\\CallerFlash\\src\\tauri-bridge.ts","statementMap":{"0":{"start":{"line":15,"column":6},"end":{"line":15,"column":null}},"1":{"start":{"line":15,"column":38},"end":{"line":15,"column":103}},"2":{"start":{"line":15,"column":63},"end":{"line":15,"column":103}},"3":{"start":{"line":16,"column":6},"end":{"line":16,"column":null}},"4":{"start":{"line":16,"column":43},"end":{"line":16,"column":110}},"5":{"start":{"line":16,"column":68},"end":{"line":16,"column":110}},"6":{"start":{"line":43,"column":2},"end":{"line":45,"column":null}},"7":{"start":{"line":44,"column":4},"end":{"line":44,"column":null}},"8":{"start":{"line":46,"column":2},"end":{"line":46,"column":null}},"9":{"start":{"line":50,"column":2},"end":{"line":53,"column":null}},"10":{"start":{"line":51,"column":4},"end":{"line":51,"column":null}},"11":{"start":{"line":52,"column":4},"end":{"line":52,"column":null}},"12":{"start":{"line":55,"column":2},"end":{"line":55,"column":null}},"13":{"start":{"line":57,"column":37},"end":{"line":57,"column":null}},"14":{"start":{"line":58,"column":27},"end":{"line":58,"column":null}},"15":{"start":{"line":59,"column":24},"end":{"line":59,"column":null}},"16":{"start":{"line":61,"column":17},"end":{"line":349,"column":null}},"17":{"start":{"line":63,"column":24},"end":{"line":63,"column":87}},"18":{"start":{"line":63,"column":61},"end":{"line":63,"column":84}},"19":{"start":{"line":64,"column":24},"end":{"line":64,"column":87}},"20":{"start":{"line":64,"column":61},"end":{"line":64,"column":84}},"21":{"start":{"line":65,"column":21},"end":{"line":65,"column":78}},"22":{"start":{"line":65,"column":55},"end":{"line":65,"column":75}},"23":{"start":{"line":66,"column":26},"end":{"line":66,"column":95}},"24":{"start":{"line":66,"column":67},"end":{"line":66,"column":92}},"25":{"start":{"line":67,"column":20},"end":{"line":67,"column":75}},"26":{"start":{"line":67,"column":53},"end":{"line":67,"column":72}},"27":{"start":{"line":69,"column":46},"end":{"line":69,"column":null}},"28":{"start":{"line":69,"column":88},"end":{"line":69,"column":98}},"29":{"start":{"line":69,"column":115},"end":{"line":69,"column":150}},"30":{"start":{"line":69,"column":150},"end":{"line":69,"column":167}},"31":{"start":{"line":70,"column":8},"end":{"line":70,"column":null}},"32":{"start":{"line":70,"column":23},"end":{"line":70,"column":108}},"33":{"start":{"line":70,"column":45},"end":{"line":70,"column":49}},"34":{"start":{"line":70,"column":64},"end":{"line":70,"column":105}},"35":{"start":{"line":73,"column":46},"end":{"line":73,"column":null}},"36":{"start":{"line":73,"column":84},"end":{"line":73,"column":94}},"37":{"start":{"line":73,"column":111},"end":{"line":73,"column":142}},"38":{"start":{"line":73,"column":142},"end":{"line":73,"column":159}},"39":{"start":{"line":74,"column":8},"end":{"line":74,"column":null}},"40":{"start":{"line":74,"column":23},"end":{"line":74,"column":104}},"41":{"start":{"line":74,"column":45},"end":{"line":74,"column":49}},"42":{"start":{"line":74,"column":64},"end":{"line":74,"column":101}},"43":{"start":{"line":77,"column":46},"end":{"line":77,"column":null}},"44":{"start":{"line":77,"column":81},"end":{"line":77,"column":91}},"45":{"start":{"line":77,"column":108},"end":{"line":77,"column":143}},"46":{"start":{"line":77,"column":143},"end":{"line":77,"column":160}},"47":{"start":{"line":78,"column":8},"end":{"line":78,"column":null}},"48":{"start":{"line":78,"column":23},"end":{"line":78,"column":108}},"49":{"start":{"line":78,"column":45},"end":{"line":78,"column":49}},"50":{"start":{"line":78,"column":64},"end":{"line":78,"column":105}},"51":{"start":{"line":84,"column":8},"end":{"line":84,"column":null}},"52":{"start":{"line":84,"column":63},"end":{"line":84,"column":95}},"53":{"start":{"line":87,"column":8},"end":{"line":87,"column":null}},"54":{"start":{"line":87,"column":70},"end":{"line":87,"column":108}},"55":{"start":{"line":93,"column":8},"end":{"line":93,"column":null}},"56":{"start":{"line":93,"column":60},"end":{"line":93,"column":93}},"57":{"start":{"line":99,"column":8},"end":{"line":99,"column":null}},"58":{"start":{"line":99,"column":59},"end":{"line":99,"column":88}},"59":{"start":{"line":105,"column":8},"end":{"line":105,"column":null}},"60":{"start":{"line":105,"column":83},"end":{"line":105,"column":109}},"61":{"start":{"line":111,"column":8},"end":{"line":111,"column":null}},"62":{"start":{"line":111,"column":52},"end":{"line":111,"column":77}},"63":{"start":{"line":114,"column":8},"end":{"line":114,"column":null}},"64":{"start":{"line":114,"column":42},"end":{"line":114,"column":67}},"65":{"start":{"line":117,"column":8},"end":{"line":117,"column":null}},"66":{"start":{"line":117,"column":60},"end":{"line":117,"column":92}},"67":{"start":{"line":120,"column":8},"end":{"line":120,"column":null}},"68":{"start":{"line":120,"column":66},"end":{"line":120,"column":100}},"69":{"start":{"line":120,"column":100},"end":{"line":120,"column":113}},"70":{"start":{"line":126,"column":8},"end":{"line":152,"column":null}},"71":{"start":{"line":129,"column":27},"end":{"line":129,"column":null}},"72":{"start":{"line":130,"column":10},"end":{"line":130,"column":null}},"73":{"start":{"line":131,"column":10},"end":{"line":131,"column":null}},"74":{"start":{"line":132,"column":10},"end":{"line":132,"column":null}},"75":{"start":{"line":133,"column":10},"end":{"line":135,"column":null}},"76":{"start":{"line":134,"column":12},"end":{"line":134,"column":null}},"77":{"start":{"line":136,"column":40},"end":{"line":136,"column":null}},"78":{"start":{"line":137,"column":29},"end":{"line":137,"column":null}},"79":{"start":{"line":138,"column":22},"end":{"line":138,"column":null}},"80":{"start":{"line":139,"column":28},"end":{"line":139,"column":null}},"81":{"start":{"line":140,"column":10},"end":{"line":142,"column":null}},"82":{"start":{"line":141,"column":12},"end":{"line":141,"column":null}},"83":{"start":{"line":143,"column":10},"end":{"line":148,"column":null}},"84":{"start":{"line":150,"column":10},"end":{"line":150,"column":null}},"85":{"start":{"line":151,"column":10},"end":{"line":151,"column":null}},"86":{"start":{"line":155,"column":8},"end":{"line":157,"column":null}},"87":{"start":{"line":156,"column":10},"end":{"line":156,"column":null}},"88":{"start":{"line":158,"column":8},"end":{"line":182,"column":null}},"89":{"start":{"line":159,"column":10},"end":{"line":178,"column":null}},"90":{"start":{"line":160,"column":12},"end":{"line":177,"column":null}},"91":{"start":{"line":162,"column":16},"end":{"line":162,"column":null}},"92":{"start":{"line":163,"column":16},"end":{"line":163,"column":null}},"93":{"start":{"line":164,"column":16},"end":{"line":164,"column":null}},"94":{"start":{"line":166,"column":16},"end":{"line":166,"column":null}},"95":{"start":{"line":167,"column":16},"end":{"line":171,"column":null}},"96":{"start":{"line":168,"column":30},"end":{"line":168,"column":null}},"97":{"start":{"line":169,"column":18},"end":{"line":169,"column":null}},"98":{"start":{"line":169,"column":74},"end":{"line":169,"column":105}},"99":{"start":{"line":170,"column":18},"end":{"line":170,"column":null}},"100":{"start":{"line":170,"column":96},"end":{"line":170,"column":125}},"101":{"start":{"line":172,"column":16},"end":{"line":172,"column":null}},"102":{"start":{"line":174,"column":16},"end":{"line":174,"column":null}},"103":{"start":{"line":174,"column":72},"end":{"line":174,"column":112}},"104":{"start":{"line":175,"column":16},"end":{"line":175,"column":null}},"105":{"start":{"line":175,"column":106},"end":{"line":175,"column":141}},"106":{"start":{"line":176,"column":16},"end":{"line":176,"column":null}},"107":{"start":{"line":179,"column":10},"end":{"line":179,"column":null}},"108":{"start":{"line":181,"column":10},"end":{"line":181,"column":null}},"109":{"start":{"line":185,"column":8},"end":{"line":187,"column":null}},"110":{"start":{"line":186,"column":10},"end":{"line":186,"column":null}},"111":{"start":{"line":188,"column":8},"end":{"line":194,"column":null}},"112":{"start":{"line":189,"column":10},"end":{"line":189,"column":null}},"113":{"start":{"line":189,"column":104},"end":{"line":189,"column":141}},"114":{"start":{"line":190,"column":10},"end":{"line":190,"column":null}},"115":{"start":{"line":191,"column":10},"end":{"line":191,"column":null}},"116":{"start":{"line":193,"column":10},"end":{"line":193,"column":null}},"117":{"start":{"line":197,"column":8},"end":{"line":197,"column":null}},"118":{"start":{"line":200,"column":8},"end":{"line":200,"column":null}},"119":{"start":{"line":203,"column":46},"end":{"line":205,"column":null}},"120":{"start":{"line":204,"column":10},"end":{"line":204,"column":null}},"121":{"start":{"line":205,"column":32},"end":{"line":205,"column":65}},"122":{"start":{"line":205,"column":65},"end":{"line":205,"column":88}},"123":{"start":{"line":206,"column":8},"end":{"line":206,"column":null}},"124":{"start":{"line":206,"column":29},"end":{"line":206,"column":146}},"125":{"start":{"line":206,"column":64},"end":{"line":206,"column":77}},"126":{"start":{"line":206,"column":101},"end":{"line":206,"column":142}},"127":{"start":{"line":209,"column":46},"end":{"line":211,"column":null}},"128":{"start":{"line":210,"column":10},"end":{"line":210,"column":null}},"129":{"start":{"line":211,"column":32},"end":{"line":211,"column":67}},"130":{"start":{"line":211,"column":67},"end":{"line":211,"column":90}},"131":{"start":{"line":212,"column":8},"end":{"line":212,"column":null}},"132":{"start":{"line":212,"column":29},"end":{"line":212,"column":148}},"133":{"start":{"line":212,"column":64},"end":{"line":212,"column":77}},"134":{"start":{"line":212,"column":101},"end":{"line":212,"column":144}},"135":{"start":{"line":215,"column":46},"end":{"line":217,"column":null}},"136":{"start":{"line":216,"column":10},"end":{"line":216,"column":null}},"137":{"start":{"line":217,"column":32},"end":{"line":217,"column":69}},"138":{"start":{"line":217,"column":69},"end":{"line":217,"column":92}},"139":{"start":{"line":218,"column":8},"end":{"line":218,"column":null}},"140":{"start":{"line":218,"column":29},"end":{"line":218,"column":150}},"141":{"start":{"line":218,"column":64},"end":{"line":218,"column":77}},"142":{"start":{"line":218,"column":101},"end":{"line":218,"column":146}},"143":{"start":{"line":224,"column":20},"end":{"line":224,"column":null}},"144":{"start":{"line":225,"column":8},"end":{"line":227,"column":null}},"145":{"start":{"line":226,"column":10},"end":{"line":226,"column":null}},"146":{"start":{"line":228,"column":8},"end":{"line":235,"column":null}},"147":{"start":{"line":229,"column":25},"end":{"line":229,"column":null}},"148":{"start":{"line":230,"column":10},"end":{"line":230,"column":null}},"149":{"start":{"line":232,"column":23},"end":{"line":232,"column":null}},"150":{"start":{"line":233,"column":10},"end":{"line":233,"column":null}},"151":{"start":{"line":234,"column":10},"end":{"line":234,"column":null}},"152":{"start":{"line":238,"column":8},"end":{"line":244,"column":null}},"153":{"start":{"line":239,"column":25},"end":{"line":239,"column":null}},"154":{"start":{"line":240,"column":10},"end":{"line":240,"column":null}},"155":{"start":{"line":242,"column":10},"end":{"line":242,"column":null}},"156":{"start":{"line":243,"column":10},"end":{"line":243,"column":null}},"157":{"start":{"line":247,"column":8},"end":{"line":253,"column":null}},"158":{"start":{"line":248,"column":25},"end":{"line":248,"column":null}},"159":{"start":{"line":249,"column":10},"end":{"line":249,"column":null}},"160":{"start":{"line":251,"column":10},"end":{"line":251,"column":null}},"161":{"start":{"line":252,"column":10},"end":{"line":252,"column":null}},"162":{"start":{"line":256,"column":46},"end":{"line":258,"column":null}},"163":{"start":{"line":257,"column":10},"end":{"line":257,"column":null}},"164":{"start":{"line":258,"column":26},"end":{"line":258,"column":55}},"165":{"start":{"line":258,"column":55},"end":{"line":258,"column":72}},"166":{"start":{"line":259,"column":8},"end":{"line":259,"column":null}},"167":{"start":{"line":259,"column":23},"end":{"line":259,"column":102}},"168":{"start":{"line":259,"column":45},"end":{"line":259,"column":49}},"169":{"start":{"line":259,"column":64},"end":{"line":259,"column":99}},"170":{"start":{"line":262,"column":46},"end":{"line":264,"column":null}},"171":{"start":{"line":263,"column":10},"end":{"line":263,"column":null}},"172":{"start":{"line":264,"column":26},"end":{"line":264,"column":52}},"173":{"start":{"line":264,"column":52},"end":{"line":264,"column":69}},"174":{"start":{"line":265,"column":8},"end":{"line":265,"column":null}},"175":{"start":{"line":265,"column":23},"end":{"line":265,"column":99}},"176":{"start":{"line":265,"column":45},"end":{"line":265,"column":49}},"177":{"start":{"line":265,"column":64},"end":{"line":265,"column":96}},"178":{"start":{"line":268,"column":46},"end":{"line":270,"column":null}},"179":{"start":{"line":269,"column":10},"end":{"line":269,"column":null}},"180":{"start":{"line":270,"column":26},"end":{"line":270,"column":55}},"181":{"start":{"line":270,"column":55},"end":{"line":270,"column":72}},"182":{"start":{"line":271,"column":8},"end":{"line":271,"column":null}},"183":{"start":{"line":271,"column":23},"end":{"line":271,"column":102}},"184":{"start":{"line":271,"column":45},"end":{"line":271,"column":49}},"185":{"start":{"line":271,"column":64},"end":{"line":271,"column":99}},"186":{"start":{"line":274,"column":46},"end":{"line":276,"column":null}},"187":{"start":{"line":275,"column":10},"end":{"line":275,"column":null}},"188":{"start":{"line":276,"column":26},"end":{"line":276,"column":60}},"189":{"start":{"line":276,"column":60},"end":{"line":276,"column":77}},"190":{"start":{"line":277,"column":8},"end":{"line":277,"column":null}},"191":{"start":{"line":277,"column":23},"end":{"line":277,"column":107}},"192":{"start":{"line":277,"column":45},"end":{"line":277,"column":49}},"193":{"start":{"line":277,"column":64},"end":{"line":277,"column":104}},"194":{"start":{"line":282,"column":44},"end":{"line":284,"column":null}},"195":{"start":{"line":283,"column":8},"end":{"line":283,"column":null}},"196":{"start":{"line":284,"column":24},"end":{"line":284,"column":58}},"197":{"start":{"line":284,"column":58},"end":{"line":284,"column":75}},"198":{"start":{"line":285,"column":6},"end":{"line":285,"column":null}},"199":{"start":{"line":285,"column":21},"end":{"line":285,"column":105}},"200":{"start":{"line":285,"column":43},"end":{"line":285,"column":47}},"201":{"start":{"line":285,"column":62},"end":{"line":285,"column":102}},"202":{"start":{"line":290,"column":8},"end":{"line":290,"column":null}},"203":{"start":{"line":290,"column":61},"end":{"line":290,"column":94}},"204":{"start":{"line":293,"column":8},"end":{"line":293,"column":null}},"205":{"start":{"line":293,"column":64},"end":{"line":293,"column":97}},"206":{"start":{"line":293,"column":97},"end":{"line":293,"column":108}},"207":{"start":{"line":303,"column":8},"end":{"line":308,"column":null}},"208":{"start":{"line":304,"column":10},"end":{"line":304,"column":null}},"209":{"start":{"line":306,"column":10},"end":{"line":306,"column":null}},"210":{"start":{"line":307,"column":10},"end":{"line":307,"column":null}},"211":{"start":{"line":314,"column":8},"end":{"line":314,"column":null}},"212":{"start":{"line":314,"column":71},"end":{"line":314,"column":109}},"213":{"start":{"line":317,"column":8},"end":{"line":322,"column":null}},"214":{"start":{"line":318,"column":10},"end":{"line":318,"column":null}},"215":{"start":{"line":320,"column":10},"end":{"line":320,"column":null}},"216":{"start":{"line":321,"column":10},"end":{"line":321,"column":null}},"217":{"start":{"line":331,"column":8},"end":{"line":331,"column":null}},"218":{"start":{"line":331,"column":60},"end":{"line":331,"column":89}},"219":{"start":{"line":331,"column":89},"end":{"line":331,"column":100}},"220":{"start":{"line":334,"column":8},"end":{"line":334,"column":null}},"221":{"start":{"line":334,"column":70},"end":{"line":334,"column":99}},"222":{"start":{"line":334,"column":99},"end":{"line":334,"column":126}},"223":{"start":{"line":340,"column":8},"end":{"line":340,"column":null}},"224":{"start":{"line":351,"column":2},"end":{"line":355,"column":null}},"225":{"start":{"line":357,"column":2},"end":{"line":357,"column":null}},"226":{"start":{"line":361,"column":0},"end":{"line":365,"column":null}},"227":{"start":{"line":362,"column":2},"end":{"line":362,"column":null}},"228":{"start":{"line":364,"column":2},"end":{"line":364,"column":null}}},"fnMap":{"0":{"name":"(anonymous_0)","decl":{"start":{"line":15,"column":6},"end":{"line":15,"column":13}},"loc":{"start":{"line":15,"column":36},"end":{"line":15,"column":null}},"line":15},"1":{"name":"(anonymous_1)","decl":{"start":{"line":16,"column":6},"end":{"line":16,"column":18}},"loc":{"start":{"line":16,"column":41},"end":{"line":16,"column":null}},"line":16},"2":{"name":"safeJsonResponse","decl":{"start":{"line":42,"column":9},"end":{"line":42,"column":26}},"loc":{"start":{"line":42,"column":66},"end":{"line":47,"column":null}},"line":42},"3":{"name":"setup","decl":{"start":{"line":49,"column":9},"end":{"line":49,"column":23}},"loc":{"start":{"line":49,"column":23},"end":{"line":358,"column":null}},"line":49},"4":{"name":"(anonymous_4)","decl":{"start":{"line":63,"column":6},"end":{"line":63,"column":22}},"loc":{"start":{"line":63,"column":22},"end":{"line":63,"column":null}},"line":63},"5":{"name":"(anonymous_5)","decl":{"start":{"line":63,"column":48},"end":{"line":63,"column":55}},"loc":{"start":{"line":63,"column":61},"end":{"line":63,"column":84}},"line":63},"6":{"name":"(anonymous_6)","decl":{"start":{"line":64,"column":6},"end":{"line":64,"column":22}},"loc":{"start":{"line":64,"column":22},"end":{"line":64,"column":null}},"line":64},"7":{"name":"(anonymous_7)","decl":{"start":{"line":64,"column":48},"end":{"line":64,"column":55}},"loc":{"start":{"line":64,"column":61},"end":{"line":64,"column":84}},"line":64},"8":{"name":"(anonymous_8)","decl":{"start":{"line":65,"column":6},"end":{"line":65,"column":19}},"loc":{"start":{"line":65,"column":19},"end":{"line":65,"column":null}},"line":65},"9":{"name":"(anonymous_9)","decl":{"start":{"line":65,"column":42},"end":{"line":65,"column":49}},"loc":{"start":{"line":65,"column":55},"end":{"line":65,"column":75}},"line":65},"10":{"name":"(anonymous_10)","decl":{"start":{"line":66,"column":6},"end":{"line":66,"column":24}},"loc":{"start":{"line":66,"column":24},"end":{"line":66,"column":null}},"line":66},"11":{"name":"(anonymous_11)","decl":{"start":{"line":66,"column":54},"end":{"line":66,"column":61}},"loc":{"start":{"line":66,"column":67},"end":{"line":66,"column":92}},"line":66},"12":{"name":"(anonymous_12)","decl":{"start":{"line":67,"column":6},"end":{"line":67,"column":18}},"loc":{"start":{"line":67,"column":18},"end":{"line":67,"column":null}},"line":67},"13":{"name":"(anonymous_13)","decl":{"start":{"line":67,"column":40},"end":{"line":67,"column":47}},"loc":{"start":{"line":67,"column":53},"end":{"line":67,"column":72}},"line":67},"14":{"name":"(anonymous_14)","decl":{"start":{"line":68,"column":6},"end":{"line":68,"column":27}},"loc":{"start":{"line":68,"column":52},"end":{"line":71,"column":null}},"line":68},"15":{"name":"(anonymous_15)","decl":{"start":{"line":69,"column":53},"end":{"line":69,"column":88}},"loc":{"start":{"line":69,"column":88},"end":{"line":69,"column":98}},"line":69},"16":{"name":"(anonymous_16)","decl":{"start":{"line":69,"column":100},"end":{"line":69,"column":107}},"loc":{"start":{"line":69,"column":113},"end":{"line":69,"column":168}},"line":69},"17":{"name":"(anonymous_17)","decl":{"start":{"line":69,"column":150},"end":{"line":69,"column":163}},"loc":{"start":{"line":69,"column":163},"end":{"line":69,"column":167}},"line":69},"18":{"name":"(anonymous_18)","decl":{"start":{"line":70,"column":8},"end":{"line":70,"column":21}},"loc":{"start":{"line":70,"column":21},"end":{"line":70,"column":null}},"line":70},"19":{"name":"(anonymous_19)","decl":{"start":{"line":70,"column":32},"end":{"line":70,"column":38}},"loc":{"start":{"line":70,"column":45},"end":{"line":70,"column":49}},"line":70},"20":{"name":"(anonymous_20)","decl":{"start":{"line":70,"column":51},"end":{"line":70,"column":58}},"loc":{"start":{"line":70,"column":64},"end":{"line":70,"column":105}},"line":70},"21":{"name":"(anonymous_21)","decl":{"start":{"line":72,"column":6},"end":{"line":72,"column":23}},"loc":{"start":{"line":72,"column":48},"end":{"line":75,"column":null}},"line":72},"22":{"name":"(anonymous_22)","decl":{"start":{"line":73,"column":53},"end":{"line":73,"column":84}},"loc":{"start":{"line":73,"column":84},"end":{"line":73,"column":94}},"line":73},"23":{"name":"(anonymous_23)","decl":{"start":{"line":73,"column":96},"end":{"line":73,"column":103}},"loc":{"start":{"line":73,"column":109},"end":{"line":73,"column":160}},"line":73},"24":{"name":"(anonymous_24)","decl":{"start":{"line":73,"column":142},"end":{"line":73,"column":155}},"loc":{"start":{"line":73,"column":155},"end":{"line":73,"column":159}},"line":73},"25":{"name":"(anonymous_25)","decl":{"start":{"line":74,"column":8},"end":{"line":74,"column":21}},"loc":{"start":{"line":74,"column":21},"end":{"line":74,"column":null}},"line":74},"26":{"name":"(anonymous_26)","decl":{"start":{"line":74,"column":32},"end":{"line":74,"column":38}},"loc":{"start":{"line":74,"column":45},"end":{"line":74,"column":49}},"line":74},"27":{"name":"(anonymous_27)","decl":{"start":{"line":74,"column":51},"end":{"line":74,"column":58}},"loc":{"start":{"line":74,"column":64},"end":{"line":74,"column":101}},"line":74},"28":{"name":"(anonymous_28)","decl":{"start":{"line":76,"column":6},"end":{"line":76,"column":27}},"loc":{"start":{"line":76,"column":52},"end":{"line":79,"column":null}},"line":76},"29":{"name":"(anonymous_29)","decl":{"start":{"line":77,"column":53},"end":{"line":77,"column":81}},"loc":{"start":{"line":77,"column":81},"end":{"line":77,"column":91}},"line":77},"30":{"name":"(anonymous_30)","decl":{"start":{"line":77,"column":93},"end":{"line":77,"column":100}},"loc":{"start":{"line":77,"column":106},"end":{"line":77,"column":161}},"line":77},"31":{"name":"(anonymous_31)","decl":{"start":{"line":77,"column":143},"end":{"line":77,"column":156}},"loc":{"start":{"line":77,"column":156},"end":{"line":77,"column":160}},"line":77},"32":{"name":"(anonymous_32)","decl":{"start":{"line":78,"column":8},"end":{"line":78,"column":21}},"loc":{"start":{"line":78,"column":21},"end":{"line":78,"column":null}},"line":78},"33":{"name":"(anonymous_33)","decl":{"start":{"line":78,"column":32},"end":{"line":78,"column":38}},"loc":{"start":{"line":78,"column":45},"end":{"line":78,"column":49}},"line":78},"34":{"name":"(anonymous_34)","decl":{"start":{"line":78,"column":51},"end":{"line":78,"column":58}},"loc":{"start":{"line":78,"column":64},"end":{"line":78,"column":105}},"line":78},"35":{"name":"(anonymous_35)","decl":{"start":{"line":83,"column":6},"end":{"line":83,"column":21}},"loc":{"start":{"line":83,"column":40},"end":{"line":85,"column":null}},"line":83},"36":{"name":"(anonymous_36)","decl":{"start":{"line":84,"column":50},"end":{"line":84,"column":57}},"loc":{"start":{"line":84,"column":63},"end":{"line":84,"column":95}},"line":84},"37":{"name":"(anonymous_37)","decl":{"start":{"line":86,"column":6},"end":{"line":86,"column":27}},"loc":{"start":{"line":86,"column":54},"end":{"line":88,"column":null}},"line":86},"38":{"name":"(anonymous_38)","decl":{"start":{"line":87,"column":57},"end":{"line":87,"column":64}},"loc":{"start":{"line":87,"column":70},"end":{"line":87,"column":108}},"line":87},"39":{"name":"(anonymous_39)","decl":{"start":{"line":92,"column":6},"end":{"line":92,"column":21}},"loc":{"start":{"line":92,"column":37},"end":{"line":94,"column":null}},"line":92},"40":{"name":"(anonymous_40)","decl":{"start":{"line":93,"column":47},"end":{"line":93,"column":54}},"loc":{"start":{"line":93,"column":60},"end":{"line":93,"column":93}},"line":93},"41":{"name":"(anonymous_41)","decl":{"start":{"line":98,"column":6},"end":{"line":98,"column":13}},"loc":{"start":{"line":98,"column":30},"end":{"line":100,"column":null}},"line":98},"42":{"name":"(anonymous_42)","decl":{"start":{"line":99,"column":46},"end":{"line":99,"column":53}},"loc":{"start":{"line":99,"column":59},"end":{"line":99,"column":88}},"line":99},"43":{"name":"(anonymous_43)","decl":{"start":{"line":104,"column":6},"end":{"line":104,"column":13}},"loc":{"start":{"line":104,"column":155},"end":{"line":106,"column":null}},"line":104},"44":{"name":"(anonymous_44)","decl":{"start":{"line":105,"column":70},"end":{"line":105,"column":77}},"loc":{"start":{"line":105,"column":83},"end":{"line":105,"column":109}},"line":105},"45":{"name":"(anonymous_45)","decl":{"start":{"line":110,"column":6},"end":{"line":110,"column":13}},"loc":{"start":{"line":110,"column":31},"end":{"line":112,"column":null}},"line":110},"46":{"name":"(anonymous_46)","decl":{"start":{"line":111,"column":39},"end":{"line":111,"column":46}},"loc":{"start":{"line":111,"column":52},"end":{"line":111,"column":77}},"line":111},"47":{"name":"(anonymous_47)","decl":{"start":{"line":113,"column":6},"end":{"line":113,"column":18}},"loc":{"start":{"line":113,"column":18},"end":{"line":115,"column":null}},"line":113},"48":{"name":"(anonymous_48)","decl":{"start":{"line":114,"column":29},"end":{"line":114,"column":36}},"loc":{"start":{"line":114,"column":42},"end":{"line":114,"column":67}},"line":114},"49":{"name":"(anonymous_49)","decl":{"start":{"line":116,"column":6},"end":{"line":116,"column":20}},"loc":{"start":{"line":116,"column":45},"end":{"line":118,"column":null}},"line":116},"50":{"name":"(anonymous_50)","decl":{"start":{"line":117,"column":47},"end":{"line":117,"column":54}},"loc":{"start":{"line":117,"column":60},"end":{"line":117,"column":92}},"line":117},"51":{"name":"(anonymous_51)","decl":{"start":{"line":119,"column":19},"end":{"line":119,"column":73}},"loc":{"start":{"line":119,"column":73},"end":{"line":121,"column":null}},"line":119},"52":{"name":"(anonymous_52)","decl":{"start":{"line":120,"column":51},"end":{"line":120,"column":58}},"loc":{"start":{"line":120,"column":64},"end":{"line":120,"column":114}},"line":120},"53":{"name":"(anonymous_53)","decl":{"start":{"line":125,"column":13},"end":{"line":125,"column":20}},"loc":{"start":{"line":125,"column":40},"end":{"line":153,"column":null}},"line":125},"54":{"name":"(anonymous_54)","decl":{"start":{"line":154,"column":16},"end":{"line":154,"column":23}},"loc":{"start":{"line":154,"column":84},"end":{"line":183,"column":null}},"line":154},"55":{"name":"(anonymous_55)","decl":{"start":{"line":159,"column":39},"end":{"line":159,"column":49}},"loc":{"start":{"line":159,"column":59},"end":{"line":178,"column":11}},"line":159},"56":{"name":"(anonymous_56)","decl":{"start":{"line":169,"column":61},"end":{"line":169,"column":68}},"loc":{"start":{"line":169,"column":74},"end":{"line":169,"column":105}},"line":169},"57":{"name":"(anonymous_57)","decl":{"start":{"line":170,"column":83},"end":{"line":170,"column":90}},"loc":{"start":{"line":170,"column":96},"end":{"line":170,"column":125}},"line":170},"58":{"name":"(anonymous_58)","decl":{"start":{"line":174,"column":59},"end":{"line":174,"column":66}},"loc":{"start":{"line":174,"column":72},"end":{"line":174,"column":112}},"line":174},"59":{"name":"(anonymous_59)","decl":{"start":{"line":175,"column":93},"end":{"line":175,"column":100}},"loc":{"start":{"line":175,"column":106},"end":{"line":175,"column":141}},"line":175},"60":{"name":"(anonymous_60)","decl":{"start":{"line":184,"column":15},"end":{"line":184,"column":22}},"loc":{"start":{"line":184,"column":43},"end":{"line":195,"column":null}},"line":184},"61":{"name":"(anonymous_61)","decl":{"start":{"line":189,"column":91},"end":{"line":189,"column":98}},"loc":{"start":{"line":189,"column":104},"end":{"line":189,"column":141}},"line":189},"62":{"name":"getDownloadState","decl":{"start":{"line":196,"column":6},"end":{"line":196,"column":24}},"loc":{"start":{"line":196,"column":42},"end":{"line":198,"column":null}},"line":196},"63":{"name":"listReleases","decl":{"start":{"line":199,"column":6},"end":{"line":199,"column":20}},"loc":{"start":{"line":199,"column":62},"end":{"line":201,"column":null}},"line":199},"64":{"name":"onStatus","decl":{"start":{"line":202,"column":6},"end":{"line":202,"column":16}},"loc":{"start":{"line":202,"column":149},"end":{"line":207,"column":null}},"line":202},"65":{"name":"(anonymous_65)","decl":{"start":{"line":203,"column":71},"end":{"line":203,"column":81}},"loc":{"start":{"line":203,"column":88},"end":{"line":205,"column":9}},"line":203},"66":{"name":"(anonymous_66)","decl":{"start":{"line":205,"column":17},"end":{"line":205,"column":27}},"loc":{"start":{"line":205,"column":30},"end":{"line":205,"column":89}},"line":205},"67":{"name":"(anonymous_67)","decl":{"start":{"line":205,"column":72},"end":{"line":205,"column":84}},"loc":{"start":{"line":205,"column":84},"end":{"line":205,"column":88}},"line":205},"68":{"name":"(anonymous_68)","decl":{"start":{"line":206,"column":15},"end":{"line":206,"column":27}},"loc":{"start":{"line":206,"column":27},"end":{"line":206,"column":null}},"line":206},"69":{"name":"(anonymous_69)","decl":{"start":{"line":206,"column":48},"end":{"line":206,"column":58}},"loc":{"start":{"line":206,"column":62},"end":{"line":206,"column":78}},"line":206},"70":{"name":"(anonymous_70)","decl":{"start":{"line":206,"column":86},"end":{"line":206,"column":96}},"loc":{"start":{"line":206,"column":99},"end":{"line":206,"column":143}},"line":206},"71":{"name":"onProgress","decl":{"start":{"line":208,"column":6},"end":{"line":208,"column":18}},"loc":{"start":{"line":208,"column":75},"end":{"line":213,"column":null}},"line":208},"72":{"name":"(anonymous_72)","decl":{"start":{"line":209,"column":73},"end":{"line":209,"column":83}},"loc":{"start":{"line":209,"column":90},"end":{"line":211,"column":9}},"line":209},"73":{"name":"(anonymous_73)","decl":{"start":{"line":211,"column":17},"end":{"line":211,"column":27}},"loc":{"start":{"line":211,"column":30},"end":{"line":211,"column":91}},"line":211},"74":{"name":"(anonymous_74)","decl":{"start":{"line":211,"column":74},"end":{"line":211,"column":86}},"loc":{"start":{"line":211,"column":86},"end":{"line":211,"column":90}},"line":211},"75":{"name":"(anonymous_75)","decl":{"start":{"line":212,"column":15},"end":{"line":212,"column":27}},"loc":{"start":{"line":212,"column":27},"end":{"line":212,"column":null}},"line":212},"76":{"name":"(anonymous_76)","decl":{"start":{"line":212,"column":48},"end":{"line":212,"column":58}},"loc":{"start":{"line":212,"column":62},"end":{"line":212,"column":78}},"line":212},"77":{"name":"(anonymous_77)","decl":{"start":{"line":212,"column":86},"end":{"line":212,"column":96}},"loc":{"start":{"line":212,"column":99},"end":{"line":212,"column":145}},"line":212},"78":{"name":"onDiagnostic","decl":{"start":{"line":214,"column":6},"end":{"line":214,"column":20}},"loc":{"start":{"line":214,"column":110},"end":{"line":219,"column":null}},"line":214},"79":{"name":"(anonymous_79)","decl":{"start":{"line":215,"column":75},"end":{"line":215,"column":85}},"loc":{"start":{"line":215,"column":92},"end":{"line":217,"column":9}},"line":215},"80":{"name":"(anonymous_80)","decl":{"start":{"line":217,"column":17},"end":{"line":217,"column":27}},"loc":{"start":{"line":217,"column":30},"end":{"line":217,"column":93}},"line":217},"81":{"name":"(anonymous_81)","decl":{"start":{"line":217,"column":76},"end":{"line":217,"column":88}},"loc":{"start":{"line":217,"column":88},"end":{"line":217,"column":92}},"line":217},"82":{"name":"(anonymous_82)","decl":{"start":{"line":218,"column":15},"end":{"line":218,"column":27}},"loc":{"start":{"line":218,"column":27},"end":{"line":218,"column":null}},"line":218},"83":{"name":"(anonymous_83)","decl":{"start":{"line":218,"column":48},"end":{"line":218,"column":58}},"loc":{"start":{"line":218,"column":62},"end":{"line":218,"column":78}},"line":218},"84":{"name":"(anonymous_84)","decl":{"start":{"line":218,"column":86},"end":{"line":218,"column":96}},"loc":{"start":{"line":218,"column":99},"end":{"line":218,"column":147}},"line":218},"85":{"name":"(anonymous_85)","decl":{"start":{"line":223,"column":15},"end":{"line":223,"column":22}},"loc":{"start":{"line":223,"column":42},"end":{"line":236,"column":null}},"line":223},"86":{"name":"(anonymous_86)","decl":{"start":{"line":237,"column":18},"end":{"line":237,"column":30}},"loc":{"start":{"line":237,"column":30},"end":{"line":245,"column":null}},"line":237},"87":{"name":"(anonymous_87)","decl":{"start":{"line":246,"column":22},"end":{"line":246,"column":29}},"loc":{"start":{"line":246,"column":49},"end":{"line":254,"column":null}},"line":246},"88":{"name":"(anonymous_88)","decl":{"start":{"line":255,"column":6},"end":{"line":255,"column":17}},"loc":{"start":{"line":255,"column":84},"end":{"line":260,"column":null}},"line":255},"89":{"name":"(anonymous_89)","decl":{"start":{"line":256,"column":53},"end":{"line":256,"column":68}},"loc":{"start":{"line":256,"column":78},"end":{"line":258,"column":9}},"line":256},"90":{"name":"(anonymous_90)","decl":{"start":{"line":258,"column":11},"end":{"line":258,"column":18}},"loc":{"start":{"line":258,"column":24},"end":{"line":258,"column":73}},"line":258},"91":{"name":"(anonymous_91)","decl":{"start":{"line":258,"column":55},"end":{"line":258,"column":68}},"loc":{"start":{"line":258,"column":68},"end":{"line":258,"column":72}},"line":258},"92":{"name":"(anonymous_92)","decl":{"start":{"line":259,"column":8},"end":{"line":259,"column":21}},"loc":{"start":{"line":259,"column":21},"end":{"line":259,"column":null}},"line":259},"93":{"name":"(anonymous_93)","decl":{"start":{"line":259,"column":32},"end":{"line":259,"column":38}},"loc":{"start":{"line":259,"column":45},"end":{"line":259,"column":49}},"line":259},"94":{"name":"(anonymous_94)","decl":{"start":{"line":259,"column":51},"end":{"line":259,"column":58}},"loc":{"start":{"line":259,"column":64},"end":{"line":259,"column":99}},"line":259},"95":{"name":"(anonymous_95)","decl":{"start":{"line":261,"column":6},"end":{"line":261,"column":14}},"loc":{"start":{"line":261,"column":64},"end":{"line":266,"column":null}},"line":261},"96":{"name":"(anonymous_96)","decl":{"start":{"line":262,"column":53},"end":{"line":262,"column":65}},"loc":{"start":{"line":262,"column":75},"end":{"line":264,"column":9}},"line":262},"97":{"name":"(anonymous_97)","decl":{"start":{"line":264,"column":11},"end":{"line":264,"column":18}},"loc":{"start":{"line":264,"column":24},"end":{"line":264,"column":70}},"line":264},"98":{"name":"(anonymous_98)","decl":{"start":{"line":264,"column":52},"end":{"line":264,"column":65}},"loc":{"start":{"line":264,"column":65},"end":{"line":264,"column":
[...]
oc":{"start":{"line":77,"column":6},"end":{"line":77,"column":33}},"type":"binary-expr","locations":[{"start":{"line":77,"column":6},"end":{"line":77,"column":24}},{"start":{"line":77,"column":24},"end":{"line":77,"column":33}}],"line":77},"23":{"loc":{"start":{"line":78,"column":2},"end":{"line":78,"column":null}},"type":"if","locations":[{"start":{"line":78,"column":2},"end":{"line":78,"column":null}},{"start":{},"end":{}}],"line":78},"24":{"loc":{"start":{"line":78,"column":6},"end":{"line":78,"column":42}},"type":"binary-expr","locations":[{"start":{"line":78,"column":6},"end":{"line":78,"column":33}},{"start":{"line":78,"column":33},"end":{"line":78,"column":42}}],"line":78},"25":{"loc":{"start":{"line":80,"column":2},"end":{"line":80,"column":null}},"type":"if","locations":[{"start":{"line":80,"column":2},"end":{"line":80,"column":null}},{"start":{},"end":{}}],"line":80},"26":{"loc":{"start":{"line":81,"column":2},"end":{"line":81,"column":null}},"type":"if","locations":[{"start":{"line":81,"column":2},"end":{"line":81,"column":null}},{"start":{},"end":{}}],"line":81},"27":{"loc":{"start":{"line":82,"column":2},"end":{"line":82,"column":null}},"type":"if","locations":[{"start":{"line":82,"column":2},"end":{"line":82,"column":null}},{"start":{},"end":{}}],"line":82},"28":{"loc":{"start":{"line":84,"column":2},"end":{"line":97,"column":null}},"type":"if","locations":[{"start":{"line":84,"column":2},"end":{"line":97,"column":null}},{"start":{"line":95,"column":9},"end":{"line":97,"column":null}}],"line":84},"29":{"loc":{"start":{"line":88,"column":6},"end":{"line":88,"column":null}},"type":"if","locations":[{"start":{"line":88,"column":6},"end":{"line":88,"column":null}},{"start":{},"end":{}}],"line":88},"30":{"loc":{"start":{"line":89,"column":6},"end":{"line":89,"column":null}},"type":"if","locations":[{"start":{"line":89,"column":6},"end":{"line":89,"column":null}},{"start":{},"end":{}}],"line":89},"31":{"loc":{"start":{"line":89,"column":10},"end":{"line":89,"column":33}},"type":"binary-expr","locations":[{"start":{"line":89,"column":10},"end":{"line":89,"column":22}},{"start":{"line":89,"column":22},"end":{"line":89,"column":33}}],"line":89},"32":{"loc":{"start":{"line":92,"column":6},"end":{"line":92,"column":null}},"type":"if","locations":[{"start":{"line":92,"column":6},"end":{"line":92,"column":null}},{"start":{},"end":{}}],"line":92},"33":{"loc":{"start":{"line":96,"column":4},"end":{"line":96,"column":null}},"type":"if","locations":[{"start":{"line":96,"column":4},"end":{"line":96,"column":null}},{"start":{},"end":{}}],"line":96},"34":{"loc":{"start":{"line":99,"column":2},"end":{"line":99,"column":null}},"type":"if","locations":[{"start":{"line":99,"column":2},"end":{"line":99,"column":null}},{"start":{},"end":{}}],"line":99},"35":{"loc":{"start":{"line":99,"column":41},"end":{"line":99,"column":63}},"type":"binary-expr","locations":[{"start":{"line":99,"column":41},"end":{"line":99,"column":56}},{"start":{"line":99,"column":56},"end":{"line":99,"column":63}}],"line":99},"36":{"loc":{"start":{"line":104,"column":15},"end":{"line":104,"column":null}},"type":"binary-expr","locations":[{"start":{"line":104,"column":15},"end":{"line":104,"column":39}},{"start":{"line":104,"column":39},"end":{"line":104,"column":null}}],"line":104},"37":{"loc":{"start":{"line":110,"column":4},"end":{"line":124,"column":null}},"type":"if","locations":[{"start":{"line":110,"column":4},"end":{"line":124,"column":null}},{"start":{"line":113,"column":11},"end":{"line":124,"column":null}}],"line":110},"38":{"loc":{"start":{"line":113,"column":11},"end":{"line":124,"column":null}},"type":"if","locations":[{"start":{"line":113,"column":11},"end":{"line":124,"column":null}},{"start":{"line":116,"column":11},"end":{"line":124,"column":null}}],"line":113},"39":{"loc":{"start":{"line":116,"column":11},"end":{"line":124,"column":null}},"type":"if","locations":[{"start":{"line":116,"column":11},"end":{"line":124,"column":null}},{"start":{"line":121,"column":11},"end":{"line":124,"column":null}}],"line":116},"40":{"loc":{"start":{"line":132,"column":4},"end":{"line":132,"column":null}},"type":"if","locations":[{"start":{"line":132,"column":4},"end":{"line":132,"column":null}},{"start":{},"end":{}}],"line":132},"41":{"loc":{"start":{"line":132,"column":8},"end":{"line":132,"column":24}},"type":"binary-expr","locations":[{"start":{"line":132,"column":8},"end":{"line":132,"column":13}},{"start":{"line":132,"column":13},"end":{"line":132,"column":24}}],"line":132},"42":{"loc":{"start":{"line":137,"column":4},"end":{"line":137,"column":null}},"type":"if","locations":[{"start":{"line":137,"column":4},"end":{"line":137,"column":null}},{"start":{},"end":{}}],"line":137},"43":{"loc":{"start":{"line":142,"column":2},"end":{"line":148,"column":null}},"type":"if","locations":[{"start":{"line":142,"column":2},"end":{"line":148,"column":null}},{"start":{},"end":{}}],"line":142},"44":{"loc":{"start":{"line":144,"column":6},"end":{"line":144,"column":null}},"type":"if","locations":[{"start":{"line":144,"column":6},"end":{"line":144,"column":null}},{"start":{},"end":{}}],"line":144},"45":{"loc":{"start":{"line":145,"column":6},"end":{"line":145,"column":null}},"type":"if","locations":[{"start":{"line":145,"column":6},"end":{"line":145,"column":null}},{"start":{},"end":{}}],"line":145}},"s":{"0":0,"1":0,"2":0,"3":0,"4":0,"5":0,"6":0,"7":0,"8":0,"9":0,"10":0,"11":0,"12":0,"13":0,"14":0,"15":0,"16":0,"17":0,"18":0,"19":0,"20":0,"21":0,"22":0,"23":0,"24":0,"25":0,"26":0,"27":0,"28":0,"29":0,"30":0,"31":0,"32":0,"33":0,"34":0,"35":0,"36":0,"37":0,"38":0,"39":0,"40":0,"41":0,"42":0,"43":0,"44":0,"45":0,"46":0,"47":0,"48":0,"49":0,"50":0,"51":0,"52":0,"53":0,"54":0,"55":0,"56":0,"57":0,"58":0,"59":0,"60":0,"61":0,"62":0,"63":0,"64":0,"65":0,"66":0,"67":0,"68":0,"69":0,"70":0,"71":0,"72":0,"73":0,"74":0,"75":0,"76":0,"77":0,"78":0,"79":0,"80":0,"81":0,"82":0,"83":0,"84":0,"85":0,"86":0,"87":0,"88":0,"89":0,"90":0,"91":0,"92":0,"93":0,"94":0,"95":0,"96":0,"97":0,"98":0,"99":0,"100":0,"101":0,"102":0,"103":0,"104":0,"105":0,"106":0,"107":0,"108":0,"109":0,"110":0,"111":0,"112":0,"113":0,"114":0,"115":0,"116":0,"117":0,"118":0,"119":0,"120":0,"121":0,"122":0,"123":0,"124":0},"f":{"0":0,"1":0,"2":0,"3":0,"4":0,"5":0,"6":0,"7":0,"8":0,"9":0,"10":0},"b":{"0":[0,0],"1":[0,0],"2":[0,0],"3":[0,0],"4":[0,0],"5":[0,0],"6":[0,0],"7":[0,0],"8":[0,0],"9":[0,0],"10":[0,0],"11":[0,0],"12":[0,0],"13":[0,0],"14":[0,0],"15":[0,0],"16":[0,0],"17":[0,0],"18":[0,0],"19":[0,0],"20":[0,0],"21":[0,0],"22":[0,0],"23":[0,0],"24":[0,0],"25":[0,0],"26":[0,0],"27":[0,0],"28":[0,0],"29":[0,0],"30":[0,0],"31":[0,0],"32":[0,0],"33":[0,0],"34":[0,0],"35":[0,0],"36":[0,0],"37":[0,0],"38":[0,0],"39":[0,0],"40":[0,0],"41":[0,0],"42":[0,0],"43":[0,0],"44":[0,0],"45":[0,0]},"meta":{"lastBranch":46,"lastFunction":11,"lastStatement":125,"seen":{"s:4:17:4:Infinity":0,"s:5:15:5:Infinity":1,"s:6:15:6:Infinity":2,"s:7:16:7:Infinity":3,"s:8:16:8:Infinity":4,"s:9:15:9:Infinity":5,"s:10:15:10:Infinity":6,"s:12:54:12:Infinity":7,"s:13:55:13:Infinity":8,"f:15:9:15:13":0,"b:16:2:16:Infinity:undefined:undefined:undefined:undefined":0,"s:16:2:16:Infinity":9,"s:16:12:16:Infinity":10,"s:17:2:24:Infinity":11,"s:18:4:21:Infinity":12,"s:23:4:23:Infinity":13,"f:45:9:45:14":1,"b:46:2:46:Infinity:undefined:undefined:undefined:undefined":1,"s:46:2:46:Infinity":14,"s:46:13:46:Infinity":15,"s:47:12:47:Infinity":16,"b:47:12:47:27:47:27:47:Infinity":2,"s:48:8:48:Infinity":17,"b:48:48:48:61:48:61:48:66":3,"b:50:2:50:Infinity:undefined:undefined:undefined:undefined":4,"s:50:2:50:Infinity":18,"s:50:16:50:Infinity":19,"b:50:39:50:60:50:60:50:Infinity":5,"b:51:2:54:Infinity:undefined:undefined:undefined:undefined":6,"s:51:2:54:Infinity":20,"s:52:4:52:Infinity":21,"b:52:25:52:44:52:44:52:Infinity":7,"s:53:4:53:Infinity":22,"b:53:45:53:50:53:50:53:Infinity":8,"b:55:2:58:Infinity:undefined:undefined:undefined:undefined":9,"s:55:2:58:Infinity":23,"s:56:4:56:Infinity":24,"s:57:4:57:Infinity":25,"b:57:55:57:60:57:60:57:Infinity":10,"b:60:2:60:Infinity:undefined:undefined:undefined:undefined":11,"s:60:2:60:Infinity":26,"s:60:20:60:Infinity":27,"b:61:2:65:Infinity:undefined:undefined:undefined:undefined":12,"s:61:2:65:Infinity":28,"b:61:6:61:20:61:20:61:30":13,"s:62:14:62:Infinity":29,"s:63:4:63:Infinity":30,"b:64:4:64:Infinity:undefined:undefined:undefined:undefined":14,"s:64:4:64:Infinity":31,"s:64:16:64:Infinity":32,"s:67:18:67:Infinity":33,"b:68:2:68:Infinity:undefined:undefined:undefined:undefined":15,"s:68:2:68:Infinity":34,"b:68:6:68:27:68:27:68:36":16,"s:68:36:68:Infinity":35,"b:69:2:76:Infinity:undefined:undefined:undefined:undefined":17,"s:69:2:76:Infinity":36,"b:69:6:69:23:69:23:69:31":18,"s:70:4:70:Infinity":37,"b:71:4:71:Infinity:undefined:undefined:undefined:undefined":19,"s:71:4:71:Infinity":38,"s:71:17:71:Infinity":39,"b:72:4:75:Infinity:undefined:undefined:undefined:undefined":20,"s:72:4:75:Infinity":40,"s:73:6:73:Infinity":41,"s:74:6:74:Infinity":42,"b:77:2:77:Infinity:undefined:undefined:undefined:undefined":21,"s:77:2:77:Infinity":43,"b:77:6:77:24:77:24:77:33":22,"s:77:33:77:Infinity":44,"b:78:2:78:Infinity:undefined:undefined:undefined:undefined":23,"s:78:2:78:Infinity":45,"b:78:6:78:33:78:33:78:42":24,"s:78:42:78:Infinity":46,"b:80:2:80:Infinity:undefined:undefined:undefined:undefined":25,"s:80:2:80:Infinity":47,"s:80:14:80:Infinity":48,"b:81:2:81:Infinity:undefined:undefined:undefined:undefined":26,"s:81:2:81:Infinity":49,"s:81:19:81:45":50,"s:81:45:81:63":51,"b:82:2:82:Infinity:undefined:undefined:undefined:undefined":27,"s:82:2:82:Infinity":52,"s:82:19:82:44":53,"s:82:44:82:62":54,"b:84:2:97:Infinity:95:9:97:Infinity":28,"s:84:2:97:Infinity":55,"s:85:18:85:Infinity":56,"s:86:4:90:Infinity":57,"f:86:16:86:34":2,"s:87:18:87:Infinity":58,"b:88:6:88:Infinity:undefined:undefined:undefined:undefined":29,"s:88:6:88:Infinity":59,"s:88:18:88:Infinity":60,"b:89:6:89:Infinity:undefined:undefined:undefined:undefined":30,"s:89:6:89:Infinity":61,"b:89:10:89:22:89:22:89:33":31,"s:89:33:89:Infinity":62,"s:91:4:94:Infinity":63,"f:91:16:91:33":3,"b:92:6:92:Infinity:undefined:undefined:undefined:undefined":32,"s:92:6:92:Infinity":64,"s:92:23:92:49":65,"s:92:49:92:67":66,"s:93:6:93:Infinity":67,"f:93:27:93:34":4,"s:93:40:93:91":68,"b:96:4:96:Infinity:undefined:undefined:undefined:undefined":33,"s:96:4:96:Infinity":69,"s:96:16:96:Infinity":70,"b:99:2:99:Infinity:undefined:undefined:undefined:undefined":34,"s:99:2:99:Infinity":71,"s:99:32:99:Infinity":72,"b:99:41:99:56:99:56:99:63":35,"f:102:9:102:18":5,"s:103:2:127:Infinity":73,"s:104:15:104:Infinity":74,"b:104:15:104:39:104:39:104:Infinity":36,"s:105:16:105:Infinity":75,"s:106:16:106:Infinity":76,"s:107:14:107:Infinity":77,"s:108:4:108:Infinity":78,"s:109:4:109:Infinity":79,"b:110:4:124:Infinity:113:11:124:Infinity":37,"s:110:4:124:Infinity":80,"s:111:6:111:25":81,"s:111:25:111:52":82,"s:111:52:111:Infinity":83,"s:112:6:112:19":84,"s:112:19:112:Infinity":85,"b:113:11:124:Infinity:116:11:124:Infinity":38,"s:113:11:124:Infinity":86,"s:114:6:114:27":87,"s:114:27:114:54":88,"s:114:54:114:Infinity":89,"s:115:6:115:19":90,"s:115:19:115:Infinity":91,"b:116:11:124:Infinity:121:11:124:Infinity":39,"s:116:11:124:Infinity":92,"s:117:6:117:25":93,"s:117:25:117:52":94,"s:117:52:117:Infinity":95,"s:118:6:118:Infinity":96,"s:119:6:119:Infinity":97,"s:120:6:120:19":98,"s:120:19:120:Infinity":99,"s:122:6:122:25":100,"s:122:25:122:52":101,"s:122:52:122:Infinity":102,"s:123:6:123:19":103,"s:123:19:123:Infinity":104,"s:126:4:126:Infinity":105,"f:130:15:130:37":6,"s:131:2:133:Infinity":106,"f:131:29:131:50":7,"b:132:4:132:Infinity:undefined:undefined:undefined:undefined":40,"s:132:4:132:Infinity":107,"b:132:8:132:13:132:13:132:24":41,"s:132:24:132:Infinity":108,"s:135:2:140:Infinity":109,"s:136:14:136:Infinity":110,"b:137:4:137:Infinity:undefined:undefined:undefined:undefined":42,"s:137:4:137:Infinity":111,"s:137:11:137:Infinity":112,"b:142:2:148:Infinity:undefined:undefined:undefined:undefined":43,"s:142:2:148:Infinity":113,"s:143:4:147:Infinity":114,"f:143:29:143:44":8,"b:144:6:144:Infinity:undefined:undefined:undefined:undefined":44,"s:144:6:144:Infinity":115,"s:144:23:144:48":116,"s:144:48:144:66":117,"b:145:6:145:Infinity:undefined:undefined:undefined:undefined":45,"s:145:6:145:Infinity":118,"s:145:23:145:49":119,"s:145:49:145:67":120,"s:146:6:146:Infinity":121,"f:146:27:146:34":9,"s:146:40:146:89":122,"s:151:0:151:Infinity":123,"f:151:7:151:14":10,"s:151:20:151:60":124},"fnNames":{}}}
,"D:\\CallerFlash\\src\\utils\\callGrouping.ts": {"path":"D:\\CallerFlash\\src\\utils\\callGrouping.ts","statementMap":{"0":{"start":{"line":10,"column":12},"end":{"line":10,"column":null}},"1":{"start":{"line":11,"column":12},"end":{"line":11,"column":null}},"2":{"start":{"line":12,"column":12},"end":{"line":12,"column":null}},"3":{"start":{"line":13,"column":2},"end":{"line":13,"column":null}},"4":{"start":{"line":17,"column":2},"end":{"line":17,"column":null}},"5":{"start":{"line":17,"column":30},"end":{"line":17,"column":null}},"6":{"start":{"line":18,"column":20},"end":{"line":18,"column":null}},"7":{"start":{"line":19,"column":2},"end":{"line":19,"column":null}},"8":{"start":{"line":19,"column":36},"end":{"line":19,"column":null}},"9":{"start":{"line":21,"column":20},"end":{"line":21,"column":null}},"10":{"start":{"line":22,"column":15},"end":{"line":22,"column":null}},"11":{"start":{"line":24,"column":4},"end":{"line":26,"column":null}},"12":{"start":{"line":27,"column":2},"end":{"line":27,"column":null}},"13":{"start":{"line":35,"column":16},"end":{"line":35,"column":null}},"14":{"start":{"line":36,"column":2},"end":{"line":41,"column":null}},"15":{"start":{"line":37,"column":16},"end":{"line":37,"column":null}},"16":{"start":{"line":38,"column":19},"end":{"line":38,"column":null}},"17":{"start":{"line":39,"column":4},"end":{"line":40,"column":null}},"18":{"start":{"line":39,"column":16},"end":{"line":39,"column":null}},"19":{"start":{"line":40,"column":9},"end":{"line":40,"column":null}},"20":{"start":{"line":42,"column":2},"end":{"line":46,"column":null}},"21":{"start":{"line":42,"column":63},"end":{"line":46,"column":4}}},"fnMap":{"0":{"name":"getDayKey","decl":{"start":{"line":9,"column":16},"end":{"line":9,"column":26}},"loc":{"start":{"line":9,"column":46},"end":{"line":14,"column":null}},"line":9},"1":{"name":"getCallSectionLabel","decl":{"start":{"line":16,"column":16},"end":{"line":16,"column":36}},"loc":{"start":{"line":16,"column":98},"end":{"line":28,"column":null}},"line":16},"2":{"name":"groupCallsBySection","decl":{"start":{"line":30,"column":16},"end":{"line":30,"column":null}},"loc":{"start":{"line":34,"column":17},"end":{"line":47,"column":null}},"line":34},"3":{"name":"(anonymous_3)","decl":{"start":{"line":42,"column":37},"end":{"line":42,"column":42}},"loc":{"start":{"line":42,"column":63},"end":{"line":46,"column":4}},"line":42}},"branchMap":{"0":{"loc":{"start":{"line":16,"column":49},"end":{"line":16,"column":73}},"type":"default-arg","locations":[{"start":{"line":16,"column":61},"end":{"line":16,"column":73}}],"line":16},"1":{"loc":{"start":{"line":17,"column":2},"end":{"line":17,"column":null}},"type":"if","locations":[{"start":{"line":17,"column":2},"end":{"line":17,"column":null}},{"start":{},"end":{}}],"line":17},"2":{"loc":{"start":{"line":19,"column":2},"end":{"line":19,"column":null}},"type":"if","locations":[{"start":{"line":19,"column":2},"end":{"line":19,"column":null}},{"start":{},"end":{}}],"line":19},"3":{"loc":{"start":{"line":24,"column":4},"end":{"line":26,"column":null}},"type":"cond-expr","locations":[{"start":{"line":25,"column":8},"end":{"line":25,"column":null}},{"start":{"line":26,"column":8},"end":{"line":26,"column":null}}],"line":24},"4":{"loc":{"start":{"line":32,"column":2},"end":{"line":32,"column":null}},"type":"default-arg","locations":[{"start":{"line":32,"column":14},"end":{"line":32,"column":null}}],"line":32},"5":{"loc":{"start":{"line":39,"column":4},"end":{"line":40,"column":null}},"type":"if","locations":[{"start":{"line":39,"column":4},"end":{"line":40,"column":null}},{"start":{"line":40,"column":9},"end":{"line":40,"column":null}}],"line":39}},"s":{"0":18,"1":18,"2":18,"3":18,"4":7,"5":2,"6":5,"7":5,"8":2,"9":3,"10":3,"11":3,"12":7,"13":2,"14":2,"15":4,"16":4,"17":4,"18":1,"19":3,"20":2,"21":3},"f":{"0":18,"1":7,"2":2,"3":3},"b":{"0":[7],"1":[2,5],"2":[2,3],"3":[2,1],"4":[2],"5":[1,3]},"meta":{"lastBranch":6,"lastFunction":4,"lastStatement":22,"seen":{"f:9:16:9:26":0,"s:10:12:10:Infinity":0,"s:11:12:11:Infinity":1,"s:12:12:12:Infinity":2,"s:13:2:13:Infinity":3,"f:16:16:16:36":1,"b:16:61:16:73":0,"b:17:2:17:Infinity:undefined:undefined:undefined:undefined":1,"s:17:2:17:Infinity":4,"s:17:30:17:Infinity":5,"s:18:20:18:Infinity":6,"b:19:2:19:Infinity:undefined:undefined:undefined:undefined":2,"s:19:2:19:Infinity":7,"s:19:36:19:Infinity":8,"s:21:20:21:Infinity":9,"s:22:15:22:Infinity":10,"s:24:4:26:Infinity":11,"b:25:8:25:Infinity:26:8:26:Infinity":3,"s:27:2:27:Infinity":12,"f:30:16:30:Infinity":2,"b:32:14:32:Infinity":4,"s:35:16:35:Infinity":13,"s:36:2:41:Infinity":14,"s:37:16:37:Infinity":15,"s:38:19:38:Infinity":16,"b:39:4:40:Infinity:40:9:40:Infinity":5,"s:39:4:40:Infinity":17,"s:39:16:39:Infinity":18,"s:40:9:40:Infinity":19,"s:42:2:46:Infinity":20,"f:42:37:42:42":3,"s:42:63:46:4":21},"fnNames":{}}}
,"D:\\CallerFlash\\src\\utils\\cn.ts": {"path":"D:\\CallerFlash\\src\\utils\\cn.ts","statementMap":{"0":{"start":{"line":5,"column":2},"end":{"line":5,"column":null}}},"fnMap":{"0":{"name":"cn","decl":{"start":{"line":4,"column":16},"end":{"line":4,"column":19}},"loc":{"start":{"line":4,"column":44},"end":{"line":6,"column":null}},"line":4}},"branchMap":{},"s":{"0":0},"f":{"0":0},"b":{},"meta":{"lastBranch":0,"lastFunction":1,"lastStatement":1,"seen":{"f:4:16:4:19":0,"s:5:2:5:Infinity":0},"fnNames":{}}}
,"D:\\CallerFlash\\src\\utils\\formatVersion.ts": {"path":"D:\\CallerFlash\\src\\utils\\formatVersion.ts","statementMap":{"0":{"start":{"line":15,"column":2},"end":{"line":15,"column":null}},"1":{"start":{"line":15,"column":16},"end":{"line":15,"column":null}},"2":{"start":{"line":18,"column":16},"end":{"line":18,"column":null}},"3":{"start":{"line":22,"column":2},"end":{"line":22,"column":null}},"4":{"start":{"line":25,"column":21},"end":{"line":25,"column":null}},"5":{"start":{"line":26,"column":2},"end":{"line":28,"column":null}},"6":{"start":{"line":27,"column":4},"end":{"line":27,"column":null}},"7":{"start":{"line":30,"column":2},"end":{"line":30,"column":null}}},"fnMap":{"0":{"name":"formatVersion","decl":{"start":{"line":14,"column":16},"end":{"line":14,"column":30}},"loc":{"start":{"line":14,"column":55},"end":{"line":31,"column":null}},"line":14}},"branchMap":{"0":{"loc":{"start":{"line":15,"column":2},"end":{"line":15,"column":null}},"type":"if","locations":[{"start":{"line":15,"column":2},"end":{"line":15,"column":null}},{"start":{},"end":{}}],"line":15},"1":{"loc":{"start":{"line":26,"column":2},"end":{"line":28,"column":null}},"type":"if","locations":[{"start":{"line":26,"column":2},"end":{"line":28,"column":null}},{"start":{},"end":{}}],"line":26},"2":{"loc":{"start":{"line":27,"column":38},"end":{"line":27,"column":null}},"type":"cond-expr","locations":[{"start":{"line":27,"column":54},"end":{"line":27,"column":76}},{"start":{"line":27,"column":76},"end":{"line":27,"column":null}}],"line":27}},"s":{"0":0,"1":0,"2":0,"3":0,"4":0,"5":0,"6":0,"7":0},"f":{"0":0},"b":{"0":[0,0],"1":[0,0],"2":[0,0]},"meta":{"lastBranch":3,"lastFunction":1,"lastStatement":8,"seen":{"f:14:16:14:30":0,"b:15:2:15:Infinity:undefined:undefined:undefined:undefined":0,"s:15:2:15:Infinity":0,"s:15:16:15:Infinity":1,"s:18:16:18:Infinity":2,"s:22:2:22:Infinity":3,"s:25:21:25:Infinity":4,"b:26:2:28:Infinity:undefined:undefined:undefined:undefined":1,"s:26:2:28:Infinity":5,"s:27:4:27:Infinity":6,"b:27:54:27:76:27:76:27:Infinity":2,"s:30:2:30:Infinity":7},"fnNames":{}}}
}
